CRITICAL - 2024-01-07 11:36:29 --> New expressions are not supported in this context
in APPPATH/Controllers/TrackersController.php on line 18.
 1 [internal function]: CodeIgniter\Debug\Exceptions->shutdownHandler()
CRITICAL - 2024-01-07 11:37:29 --> New expressions are not supported in this context
in APPPATH/Controllers/TrackersController.php on line 18.
 1 [internal function]: CodeIgniter\Debug\Exceptions->shutdownHandler()
CRITICAL - 2024-01-07 11:40:29 --> Too few arguments to function App\Controllers\TrackersController::__construct(), 0 passed in /app/backend/system/CodeIgniter.php on line 891 and exactly 1 expected
in APPPATH/Controllers/TrackersController.php on line 20.
 1 SYSTEMPATH/CodeIgniter.php(891): App\Controllers\TrackersController->__construct()
 2 SYSTEMPATH/CodeIgniter.php(485): CodeIgniter\CodeIgniter->createController()
 3 SYSTEMPATH/CodeIgniter.php(353): CodeIgniter\CodeIgniter->handleRequest()
 4 FCPATH/index.php(79): CodeIgniter\CodeIgniter->run()
CRITICAL - 2024-01-07 11:41:29 --> Too few arguments to function App\Controllers\TrackersController::__construct(), 0 passed in /app/backend/system/CodeIgniter.php on line 891 and exactly 1 expected
in APPPATH/Controllers/TrackersController.php on line 20.
 1 SYSTEMPATH/CodeIgniter.php(891): App\Controllers\TrackersController->__construct()
 2 SYSTEMPATH/CodeIgniter.php(485): CodeIgniter\CodeIgniter->createController()
 3 SYSTEMPATH/CodeIgniter.php(353): CodeIgniter\CodeIgniter->handleRequest()
 4 FCPATH/index.php(79): CodeIgniter\CodeIgniter->run()
CRITICAL - 2024-01-07 11:42:29 --> Too few arguments to function App\Controllers\TrackersController::__construct(), 0 passed in /app/backend/system/CodeIgniter.php on line 891 and exactly 1 expected
in APPPATH/Controllers/TrackersController.php on line 20.
 1 SYSTEMPATH/CodeIgniter.php(891): App\Controllers\TrackersController->__construct()
 2 SYSTEMPATH/CodeIgniter.php(485): CodeIgniter\CodeIgniter->createController()
 3 SYSTEMPATH/CodeIgniter.php(353): CodeIgniter\CodeIgniter->handleRequest()
 4 FCPATH/index.php(79): CodeIgniter\CodeIgniter->run()
CRITICAL - 2024-01-07 11:43:29 --> Too few arguments to function App\Controllers\TrackersController::__construct(), 0 passed in /app/backend/system/CodeIgniter.php on line 891 and exactly 1 expected
in APPPATH/Controllers/TrackersController.php on line 20.
 1 SYSTEMPATH/CodeIgniter.php(891): App\Controllers\TrackersController->__construct()
 2 SYSTEMPATH/CodeIgniter.php(485): CodeIgniter\CodeIgniter->createController()
 3 SYSTEMPATH/CodeIgniter.php(353): CodeIgniter\CodeIgniter->handleRequest()
 4 FCPATH/index.php(79): CodeIgniter\CodeIgniter->run()
CRITICAL - 2024-01-07 11:44:29 --> Too few arguments to function App\Controllers\TrackersController::__construct(), 0 passed in /app/backend/system/CodeIgniter.php on line 891 and exactly 1 expected
in APPPATH/Controllers/TrackersController.php on line 20.
 1 SYSTEMPATH/CodeIgniter.php(891): App\Controllers\TrackersController->__construct()
 2 SYSTEMPATH/CodeIgniter.php(485): CodeIgniter\CodeIgniter->createController()
 3 SYSTEMPATH/CodeIgniter.php(353): CodeIgniter\CodeIgniter->handleRequest()
 4 FCPATH/index.php(79): CodeIgniter\CodeIgniter->run()
CRITICAL - 2024-01-07 11:45:29 --> Too few arguments to function App\Controllers\TrackersController::__construct(), 0 passed in /app/backend/system/CodeIgniter.php on line 891 and exactly 1 expected
in APPPATH/Controllers/TrackersController.php on line 20.
 1 SYSTEMPATH/CodeIgniter.php(891): App\Controllers\TrackersController->__construct()
 2 SYSTEMPATH/CodeIgniter.php(485): CodeIgniter\CodeIgniter->createController()
 3 SYSTEMPATH/CodeIgniter.php(353): CodeIgniter\CodeIgniter->handleRequest()
 4 FCPATH/index.php(79): CodeIgniter\CodeIgniter->run()
ERROR - 2024-01-07 16:10:06 --> mysqli_sql_exception: Can't create table `bitnami_myapp`.`user_profiles` (errno: 150 "Foreign key constraint is incorrectly formed") in /app/backend/system/Database/MySQLi/Connection.php:306
Stack trace:
#0 /app/backend/system/Database/MySQLi/Connection.php(306): mysqli->query()
#1 /app/backend/system/Database/BaseConnection.php(692): CodeIgniter\Database\MySQLi\Connection->execute()
#2 /app/backend/system/Database/BaseConnection.php(606): CodeIgniter\Database\BaseConnection->simpleQuery()
#3 /app/backend/system/Database/Forge.php(546): CodeIgniter\Database\BaseConnection->query()
#4 /app/backend/app/Database/Migrations/2024-01-07-160227_CreateUserProfilesTable.php(62): CodeIgniter\Database\Forge->createTable()
#5 /app/backend/system/Database/MigrationRunner.php(877): App\Database\Migrations\CreateUserProfilesTable->up()
#6 /app/backend/system/Database/MigrationRunner.php(188): CodeIgniter\Database\MigrationRunner->migrate()
#7 /app/backend/system/Commands/Database/Migrate.php(84): CodeIgniter\Database\MigrationRunner->latest()
#8 /app/backend/system/CLI/Commands.php(65): CodeIgniter\Commands\Database\Migrate->run()
#9 /app/backend/system/CLI/Console.php(37): CodeIgniter\CLI\Commands->run()
#10 /app/backend/spark(102): CodeIgniter\CLI\Console->run()
#11 {main}
ERROR - 2024-01-07 16:24:38 --> mysqli_sql_exception: You have an error in your SQL syntax; check the manual that corresponds to your MariaDB server version for the right syntax to use near ':code:, :name:)' at line 1 in /app/backend/system/Database/MySQLi/Connection.php:306
Stack trace:
#0 /app/backend/system/Database/MySQLi/Connection.php(306): mysqli->query()
#1 /app/backend/system/Database/BaseConnection.php(692): CodeIgniter\Database\MySQLi\Connection->execute()
#2 /app/backend/system/Database/BaseConnection.php(606): CodeIgniter\Database\BaseConnection->simpleQuery()
#3 /app/backend/app/Database/Seeds/DesignationSeeder.php(35): CodeIgniter\Database\BaseConnection->query()
#4 /app/backend/system/Database/Seeder.php(146): App\Database\Seeds\DesignationSeeder->run()
#5 /app/backend/system/Commands/Database/Seed.php(77): CodeIgniter\Database\Seeder->call()
#6 /app/backend/system/CLI/Commands.php(65): CodeIgniter\Commands\Database\Seed->run()
#7 /app/backend/system/CLI/Console.php(37): CodeIgniter\CLI\Commands->run()
#8 /app/backend/spark(102): CodeIgniter\CLI\Console->run()
#9 {main}
ERROR - 2024-01-07 16:25:23 --> mysqli_sql_exception: You have an error in your SQL syntax; check the manual that corresponds to your MariaDB server version for the right syntax to use near '[name]) VALUES(:code:, :[name]:)' at line 1 in /app/backend/system/Database/MySQLi/Connection.php:306
Stack trace:
#0 /app/backend/system/Database/MySQLi/Connection.php(306): mysqli->query()
#1 /app/backend/system/Database/BaseConnection.php(692): CodeIgniter\Database\MySQLi\Connection->execute()
#2 /app/backend/system/Database/BaseConnection.php(606): CodeIgniter\Database\BaseConnection->simpleQuery()
#3 /app/backend/app/Database/Seeds/DesignationSeeder.php(35): CodeIgniter\Database\BaseConnection->query()
#4 /app/backend/system/Database/Seeder.php(146): App\Database\Seeds\DesignationSeeder->run()
#5 /app/backend/system/Commands/Database/Seed.php(77): CodeIgniter\Database\Seeder->call()
#6 /app/backend/system/CLI/Commands.php(65): CodeIgniter\Commands\Database\Seed->run()
#7 /app/backend/system/CLI/Console.php(37): CodeIgniter\CLI\Commands->run()
#8 /app/backend/spark(102): CodeIgniter\CLI\Console->run()
#9 {main}
ERROR - 2024-01-07 16:26:39 --> mysqli_sql_exception: You have an error in your SQL syntax; check the manual that corresponds to your MariaDB server version for the right syntax to use near ':code:, :title:)' at line 1 in /app/backend/system/Database/MySQLi/Connection.php:306
Stack trace:
#0 /app/backend/system/Database/MySQLi/Connection.php(306): mysqli->query()
#1 /app/backend/system/Database/BaseConnection.php(692): CodeIgniter\Database\MySQLi\Connection->execute()
#2 /app/backend/system/Database/BaseConnection.php(606): CodeIgniter\Database\BaseConnection->simpleQuery()
#3 /app/backend/app/Database/Seeds/DesignationSeeder.php(35): CodeIgniter\Database\BaseConnection->query()
#4 /app/backend/system/Database/Seeder.php(146): App\Database\Seeds\DesignationSeeder->run()
#5 /app/backend/system/Commands/Database/Seed.php(77): CodeIgniter\Database\Seeder->call()
#6 /app/backend/system/CLI/Commands.php(65): CodeIgniter\Commands\Database\Seed->run()
#7 /app/backend/system/CLI/Console.php(37): CodeIgniter\CLI\Commands->run()
#8 /app/backend/spark(102): CodeIgniter\CLI\Console->run()
#9 {main}
ERROR - 2024-01-07 16:29:23 --> mysqli_sql_exception: You have an error in your SQL syntax; check the manual that corresponds to your MariaDB server version for the right syntax to use near '0, 1, 2, 3, 4) VALUES (:0:, :1:, :2:, :3:, :4:)' at line 1 in /app/backend/system/Database/MySQLi/Connection.php:306
Stack trace:
#0 /app/backend/system/Database/MySQLi/Connection.php(306): mysqli->query()
#1 /app/backend/system/Database/BaseConnection.php(692): CodeIgniter\Database\MySQLi\Connection->execute()
#2 /app/backend/system/Database/BaseConnection.php(606): CodeIgniter\Database\BaseConnection->simpleQuery()
#3 /app/backend/system/Database/BaseBuilder.php(2308): CodeIgniter\Database\BaseConnection->query()
#4 /app/backend/app/Database/Seeds/DesignationSeeder.php(36): CodeIgniter\Database\BaseBuilder->insert()
#5 /app/backend/system/Database/Seeder.php(146): App\Database\Seeds\DesignationSeeder->run()
#6 /app/backend/system/Commands/Database/Seed.php(77): CodeIgniter\Database\Seeder->call()
#7 /app/backend/system/CLI/Commands.php(65): CodeIgniter\Commands\Database\Seed->run()
#8 /app/backend/system/CLI/Console.php(37): CodeIgniter\CLI\Commands->run()
#9 /app/backend/spark(102): CodeIgniter\CLI\Console->run()
#10 {main}
ERROR - 2024-01-07 16:30:35 --> mysqli_sql_exception: You have an error in your SQL syntax; check the manual that corresponds to your MariaDB server version for the right syntax to use near '0) VALUES (:0:)' at line 1 in /app/backend/system/Database/MySQLi/Connection.php:306
Stack trace:
#0 /app/backend/system/Database/MySQLi/Connection.php(306): mysqli->query()
#1 /app/backend/system/Database/BaseConnection.php(692): CodeIgniter\Database\MySQLi\Connection->execute()
#2 /app/backend/system/Database/BaseConnection.php(606): CodeIgniter\Database\BaseConnection->simpleQuery()
#3 /app/backend/system/Database/BaseBuilder.php(2308): CodeIgniter\Database\BaseConnection->query()
#4 /app/backend/app/Database/Seeds/DesignationSeeder.php(36): CodeIgniter\Database\BaseBuilder->insert()
#5 /app/backend/system/Database/Seeder.php(146): App\Database\Seeds\DesignationSeeder->run()
#6 /app/backend/system/Commands/Database/Seed.php(77): CodeIgniter\Database\Seeder->call()
#7 /app/backend/system/CLI/Commands.php(65): CodeIgniter\Commands\Database\Seed->run()
#8 /app/backend/system/CLI/Console.php(37): CodeIgniter\CLI\Commands->run()
#9 /app/backend/spark(102): CodeIgniter\CLI\Console->run()
#10 {main}
CRITICAL - 2024-01-07 16:42:57 --> Undefined property: App\Controllers\UsersController::$db
in APPPATH/Controllers/UsersController.php on line 77.
 1 APPPATH/Controllers/UsersController.php(77): CodeIgniter\Debug\Exceptions->errorHandler()
 2 SYSTEMPATH/CodeIgniter.php(919): App\Controllers\UsersController->register()
 3 SYSTEMPATH/CodeIgniter.php(494): CodeIgniter\CodeIgniter->runController()
 4 SYSTEMPATH/CodeIgniter.php(353): CodeIgniter\CodeIgniter->handleRequest()
 5 FCPATH/index.php(79): CodeIgniter\CodeIgniter->run()
CRITICAL - 2024-01-07 16:47:36 --> Undefined property: App\Controllers\UsersController::$db
in APPPATH/Controllers/UsersController.php on line 77.
 1 APPPATH/Controllers/UsersController.php(77): CodeIgniter\Debug\Exceptions->errorHandler()
 2 SYSTEMPATH/CodeIgniter.php(919): App\Controllers\UsersController->register()
 3 SYSTEMPATH/CodeIgniter.php(494): CodeIgniter\CodeIgniter->runController()
 4 SYSTEMPATH/CodeIgniter.php(353): CodeIgniter\CodeIgniter->handleRequest()
 5 FCPATH/index.php(79): CodeIgniter\CodeIgniter->run()
ERROR - 2024-01-07 16:50:49 --> mysqli_sql_exception: Cannot add or update a child row: a foreign key constraint fails (`bitnami_myapp`.`users`, CONSTRAINT `users_role_id_foreign` FOREIGN KEY (`role_id`) REFERENCES `roles` (`id`)) in /app/backend/system/Database/MySQLi/Connection.php:306
Stack trace:
#0 /app/backend/system/Database/MySQLi/Connection.php(306): mysqli->query()
#1 /app/backend/system/Database/BaseConnection.php(692): CodeIgniter\Database\MySQLi\Connection->execute()
#2 /app/backend/system/Database/BaseConnection.php(606): CodeIgniter\Database\BaseConnection->simpleQuery()
#3 /app/backend/system/Database/BaseBuilder.php(2308): CodeIgniter\Database\BaseConnection->query()
#4 /app/backend/app/Controllers/UsersController.php(83): CodeIgniter\Database\BaseBuilder->insert()
#5 /app/backend/system/CodeIgniter.php(919): App\Controllers\UsersController->register()
#6 /app/backend/system/CodeIgniter.php(494): CodeIgniter\CodeIgniter->runController()
#7 /app/backend/system/CodeIgniter.php(353): CodeIgniter\CodeIgniter->handleRequest()
#8 /app/backend/public/index.php(79): CodeIgniter\CodeIgniter->run()
#9 {main}
CRITICAL - 2024-01-07 16:50:49 --> Call to a member function getInsertID() on bool
in APPPATH/Controllers/UsersController.php on line 83.
 1 SYSTEMPATH/CodeIgniter.php(919): App\Controllers\UsersController->register()
 2 SYSTEMPATH/CodeIgniter.php(494): CodeIgniter\CodeIgniter->runController()
 3 SYSTEMPATH/CodeIgniter.php(353): CodeIgniter\CodeIgniter->handleRequest()
 4 FCPATH/index.php(79): CodeIgniter\CodeIgniter->run()
ERROR - 2024-01-07 16:52:35 --> mysqli_sql_exception: Cannot add or update a child row: a foreign key constraint fails (`bitnami_myapp`.`users`, CONSTRAINT `users_role_id_foreign` FOREIGN KEY (`role_id`) REFERENCES `roles` (`id`)) in /app/backend/system/Database/MySQLi/Connection.php:306
Stack trace:
#0 /app/backend/system/Database/MySQLi/Connection.php(306): mysqli->query()
#1 /app/backend/system/Database/BaseConnection.php(692): CodeIgniter\Database\MySQLi\Connection->execute()
#2 /app/backend/system/Database/BaseConnection.php(606): CodeIgniter\Database\BaseConnection->simpleQuery()
#3 /app/backend/system/Database/BaseBuilder.php(2308): CodeIgniter\Database\BaseConnection->query()
#4 /app/backend/app/Controllers/UsersController.php(83): CodeIgniter\Database\BaseBuilder->insert()
#5 /app/backend/system/CodeIgniter.php(919): App\Controllers\UsersController->register()
#6 /app/backend/system/CodeIgniter.php(494): CodeIgniter\CodeIgniter->runController()
#7 /app/backend/system/CodeIgniter.php(353): CodeIgniter\CodeIgniter->handleRequest()
#8 /app/backend/public/index.php(79): CodeIgniter\CodeIgniter->run()
#9 {main}
ERROR - 2024-01-07 16:52:35 --> mysqli_sql_exception: Cannot add or update a child row: a foreign key constraint fails (`bitnami_myapp`.`user_profiles`, CONSTRAINT `user_profiles_user_id_foreign` FOREIGN KEY (`user_id`) REFERENCES `users` (`id`)) in /app/backend/system/Database/MySQLi/Connection.php:306
Stack trace:
#0 /app/backend/system/Database/MySQLi/Connection.php(306): mysqli->query()
#1 /app/backend/system/Database/BaseConnection.php(692): CodeIgniter\Database\MySQLi\Connection->execute()
#2 /app/backend/system/Database/BaseConnection.php(606): CodeIgniter\Database\BaseConnection->simpleQuery()
#3 /app/backend/system/Database/BaseBuilder.php(2308): CodeIgniter\Database\BaseConnection->query()
#4 /app/backend/app/Controllers/UsersController.php(94): CodeIgniter\Database\BaseBuilder->insert()
#5 /app/backend/system/CodeIgniter.php(919): App\Controllers\UsersController->register()
#6 /app/backend/system/CodeIgniter.php(494): CodeIgniter\CodeIgniter->runController()
#7 /app/backend/system/CodeIgniter.php(353): CodeIgniter\CodeIgniter->handleRequest()
#8 /app/backend/public/index.php(79): CodeIgniter\CodeIgniter->run()
#9 {main}
ERROR - 2024-01-07 16:54:02 --> mysqli_sql_exception: Cannot add or update a child row: a foreign key constraint fails (`bitnami_myapp`.`users`, CONSTRAINT `users_role_id_foreign` FOREIGN KEY (`role_id`) REFERENCES `roles` (`id`)) in /app/backend/system/Database/MySQLi/Connection.php:306
Stack trace:
#0 /app/backend/system/Database/MySQLi/Connection.php(306): mysqli->query()
#1 /app/backend/system/Database/BaseConnection.php(692): CodeIgniter\Database\MySQLi\Connection->execute()
#2 /app/backend/system/Database/BaseConnection.php(606): CodeIgniter\Database\BaseConnection->simpleQuery()
#3 /app/backend/system/Database/BaseBuilder.php(2308): CodeIgniter\Database\BaseConnection->query()
#4 /app/backend/app/Controllers/UsersController.php(83): CodeIgniter\Database\BaseBuilder->insert()
#5 /app/backend/system/CodeIgniter.php(919): App\Controllers\UsersController->register()
#6 /app/backend/system/CodeIgniter.php(494): CodeIgniter\CodeIgniter->runController()
#7 /app/backend/system/CodeIgniter.php(353): CodeIgniter\CodeIgniter->handleRequest()
#8 /app/backend/public/index.php(79): CodeIgniter\CodeIgniter->run()
#9 {main}
ERROR - 2024-01-07 16:54:02 --> mysqli_sql_exception: Cannot add or update a child row: a foreign key constraint fails (`bitnami_myapp`.`user_profiles`, CONSTRAINT `user_profiles_user_id_foreign` FOREIGN KEY (`user_id`) REFERENCES `users` (`id`)) in /app/backend/system/Database/MySQLi/Connection.php:306
Stack trace:
#0 /app/backend/system/Database/MySQLi/Connection.php(306): mysqli->query()
#1 /app/backend/system/Database/BaseConnection.php(692): CodeIgniter\Database\MySQLi\Connection->execute()
#2 /app/backend/system/Database/BaseConnection.php(606): CodeIgniter\Database\BaseConnection->simpleQuery()
#3 /app/backend/system/Database/BaseBuilder.php(2308): CodeIgniter\Database\BaseConnection->query()
#4 /app/backend/app/Controllers/UsersController.php(93): CodeIgniter\Database\BaseBuilder->insert()
#5 /app/backend/system/CodeIgniter.php(919): App\Controllers\UsersController->register()
#6 /app/backend/system/CodeIgniter.php(494): CodeIgniter\CodeIgniter->runController()
#7 /app/backend/system/CodeIgniter.php(353): CodeIgniter\CodeIgniter->handleRequest()
#8 /app/backend/public/index.php(79): CodeIgniter\CodeIgniter->run()
#9 {main}
ERROR - 2024-01-07 16:54:42 --> mysqli_sql_exception: Cannot add or update a child row: a foreign key constraint fails (`bitnami_myapp`.`users`, CONSTRAINT `users_role_id_foreign` FOREIGN KEY (`role_id`) REFERENCES `roles` (`id`)) in /app/backend/system/Database/MySQLi/Connection.php:306
Stack trace:
#0 /app/backend/system/Database/MySQLi/Connection.php(306): mysqli->query()
#1 /app/backend/system/Database/BaseConnection.php(692): CodeIgniter\Database\MySQLi\Connection->execute()
#2 /app/backend/system/Database/BaseConnection.php(606): CodeIgniter\Database\BaseConnection->simpleQuery()
#3 /app/backend/system/Database/BaseBuilder.php(2308): CodeIgniter\Database\BaseConnection->query()
#4 /app/backend/app/Controllers/UsersController.php(83): CodeIgniter\Database\BaseBuilder->insert()
#5 /app/backend/system/CodeIgniter.php(919): App\Controllers\UsersController->register()
#6 /app/backend/system/CodeIgniter.php(494): CodeIgniter\CodeIgniter->runController()
#7 /app/backend/system/CodeIgniter.php(353): CodeIgniter\CodeIgniter->handleRequest()
#8 /app/backend/public/index.php(79): CodeIgniter\CodeIgniter->run()
#9 {main}
ERROR - 2024-01-07 16:57:16 --> mysqli_sql_exception: Cannot add or update a child row: a foreign key constraint fails (`bitnami_myapp`.`user_profiles`, CONSTRAINT `user_profiles_state_id_foreign` FOREIGN KEY (`state_id`) REFERENCES `states` (`id`)) in /app/backend/system/Database/MySQLi/Connection.php:306
Stack trace:
#0 /app/backend/system/Database/MySQLi/Connection.php(306): mysqli->query()
#1 /app/backend/system/Database/BaseConnection.php(692): CodeIgniter\Database\MySQLi\Connection->execute()
#2 /app/backend/system/Database/BaseConnection.php(606): CodeIgniter\Database\BaseConnection->simpleQuery()
#3 /app/backend/system/Database/BaseBuilder.php(2308): CodeIgniter\Database\BaseConnection->query()
#4 /app/backend/app/Controllers/UsersController.php(93): CodeIgniter\Database\BaseBuilder->insert()
#5 /app/backend/system/CodeIgniter.php(919): App\Controllers\UsersController->register()
#6 /app/backend/system/CodeIgniter.php(494): CodeIgniter\CodeIgniter->runController()
#7 /app/backend/system/CodeIgniter.php(353): CodeIgniter\CodeIgniter->handleRequest()
#8 /app/backend/public/index.php(79): CodeIgniter\CodeIgniter->run()
#9 {main}
ERROR - 2024-01-07 16:58:44 --> mysqli_sql_exception: Cannot add or update a child row: a foreign key constraint fails (`bitnami_myapp`.`user_profiles`, CONSTRAINT `user_profiles_state_id_foreign` FOREIGN KEY (`state_id`) REFERENCES `states` (`id`)) in /app/backend/system/Database/MySQLi/Connection.php:306
Stack trace:
#0 /app/backend/system/Database/MySQLi/Connection.php(306): mysqli->query()
#1 /app/backend/system/Database/BaseConnection.php(692): CodeIgniter\Database\MySQLi\Connection->execute()
#2 /app/backend/system/Database/BaseConnection.php(606): CodeIgniter\Database\BaseConnection->simpleQuery()
#3 /app/backend/system/Database/BaseBuilder.php(2308): CodeIgniter\Database\BaseConnection->query()
#4 /app/backend/app/Controllers/UsersController.php(94): CodeIgniter\Database\BaseBuilder->insert()
#5 /app/backend/system/CodeIgniter.php(919): App\Controllers\UsersController->register()
#6 /app/backend/system/CodeIgniter.php(494): CodeIgniter\CodeIgniter->runController()
#7 /app/backend/system/CodeIgniter.php(353): CodeIgniter\CodeIgniter->handleRequest()
#8 /app/backend/public/index.php(79): CodeIgniter\CodeIgniter->run()
#9 {main}
ERROR - 2024-01-07 17:00:04 --> mysqli_sql_exception: Cannot add or update a child row: a foreign key constraint fails (`bitnami_myapp`.`user_profiles`, CONSTRAINT `user_profiles_state_id_foreign` FOREIGN KEY (`state_id`) REFERENCES `states` (`id`)) in /app/backend/system/Database/MySQLi/Connection.php:306
Stack trace:
#0 /app/backend/system/Database/MySQLi/Connection.php(306): mysqli->query()
#1 /app/backend/system/Database/BaseConnection.php(692): CodeIgniter\Database\MySQLi\Connection->execute()
#2 /app/backend/system/Database/BaseConnection.php(606): CodeIgniter\Database\BaseConnection->simpleQuery()
#3 /app/backend/system/Database/BaseBuilder.php(2308): CodeIgniter\Database\BaseConnection->query()
#4 /app/backend/app/Controllers/UsersController.php(94): CodeIgniter\Database\BaseBuilder->insert()
#5 /app/backend/system/CodeIgniter.php(919): App\Controllers\UsersController->register()
#6 /app/backend/system/CodeIgniter.php(494): CodeIgniter\CodeIgniter->runController()
#7 /app/backend/system/CodeIgniter.php(353): CodeIgniter\CodeIgniter->handleRequest()
#8 /app/backend/public/index.php(79): CodeIgniter\CodeIgniter->run()
#9 {main}
CRITICAL - 2024-01-07 17:00:04 --> Cannot add or update a child row: a foreign key constraint fails (`bitnami_myapp`.`user_profiles`, CONSTRAINT `user_profiles_state_id_foreign` FOREIGN KEY (`state_id`) REFERENCES `states` (`id`))
in SYSTEMPATH/Database/BaseConnection.php on line 646.
 1 SYSTEMPATH/Database/BaseBuilder.php(2308): CodeIgniter\Database\BaseConnection->query()
 2 APPPATH/Controllers/UsersController.php(94): CodeIgniter\Database\BaseBuilder->insert()
 3 SYSTEMPATH/CodeIgniter.php(919): App\Controllers\UsersController->register()
 4 SYSTEMPATH/CodeIgniter.php(494): CodeIgniter\CodeIgniter->runController()
 5 SYSTEMPATH/CodeIgniter.php(353): CodeIgniter\CodeIgniter->handleRequest()
 6 FCPATH/index.php(79): CodeIgniter\CodeIgniter->run()
ERROR - 2024-01-07 17:01:17 --> mysqli_sql_exception: Cannot add or update a child row: a foreign key constraint fails (`bitnami_myapp`.`users`, CONSTRAINT `users_role_id_foreign` FOREIGN KEY (`role_id`) REFERENCES `roles` (`id`)) in /app/backend/system/Database/MySQLi/Connection.php:306
Stack trace:
#0 /app/backend/system/Database/MySQLi/Connection.php(306): mysqli->query()
#1 /app/backend/system/Database/BaseConnection.php(692): CodeIgniter\Database\MySQLi\Connection->execute()
#2 /app/backend/system/Database/BaseConnection.php(606): CodeIgniter\Database\BaseConnection->simpleQuery()
#3 /app/backend/system/Database/BaseBuilder.php(2308): CodeIgniter\Database\BaseConnection->query()
#4 /app/backend/app/Controllers/UsersController.php(84): CodeIgniter\Database\BaseBuilder->insert()
#5 /app/backend/system/CodeIgniter.php(919): App\Controllers\UsersController->register()
#6 /app/backend/system/CodeIgniter.php(494): CodeIgniter\CodeIgniter->runController()
#7 /app/backend/system/CodeIgniter.php(353): CodeIgniter\CodeIgniter->handleRequest()
#8 /app/backend/public/index.php(79): CodeIgniter\CodeIgniter->run()
#9 {main}
CRITICAL - 2024-01-07 17:01:17 --> Cannot add or update a child row: a foreign key constraint fails (`bitnami_myapp`.`users`, CONSTRAINT `users_role_id_foreign` FOREIGN KEY (`role_id`) REFERENCES `roles` (`id`))
in SYSTEMPATH/Database/BaseConnection.php on line 646.
 1 SYSTEMPATH/Database/BaseBuilder.php(2308): CodeIgniter\Database\BaseConnection->query()
 2 APPPATH/Controllers/UsersController.php(84): CodeIgniter\Database\BaseBuilder->insert()
 3 SYSTEMPATH/CodeIgniter.php(919): App\Controllers\UsersController->register()
 4 SYSTEMPATH/CodeIgniter.php(494): CodeIgniter\CodeIgniter->runController()
 5 SYSTEMPATH/CodeIgniter.php(353): CodeIgniter\CodeIgniter->handleRequest()
 6 FCPATH/index.php(79): CodeIgniter\CodeIgniter->run()
CRITICAL - 2024-01-07 17:17:05 --> Attempt to assign property "auth_user" on null
in APPPATH/Filters/JWTAuthGuard.php on line 49.
 1 SYSTEMPATH/Filters/Filters.php(182): App\Filters\JWTAuthGuard->before()
 2 SYSTEMPATH/CodeIgniter.php(466): CodeIgniter\Filters\Filters->run()
 3 SYSTEMPATH/CodeIgniter.php(353): CodeIgniter\CodeIgniter->handleRequest()
 4 FCPATH/index.php(79): CodeIgniter\CodeIgniter->run()
ERROR - 2024-01-07 17:21:34 --> mysqli_sql_exception: Unknown column 'up.profile_image_link' in 'field list' in /app/backend/system/Database/MySQLi/Connection.php:306
Stack trace:
#0 /app/backend/system/Database/MySQLi/Connection.php(306): mysqli->query()
#1 /app/backend/system/Database/BaseConnection.php(692): CodeIgniter\Database\MySQLi\Connection->execute()
#2 /app/backend/system/Database/BaseConnection.php(606): CodeIgniter\Database\BaseConnection->simpleQuery()
#3 /app/backend/app/Controllers/UsersController.php(50): CodeIgniter\Database\BaseConnection->query()
#4 /app/backend/system/CodeIgniter.php(919): App\Controllers\UsersController->getUserTrackerConfig()
#5 /app/backend/system/CodeIgniter.php(494): CodeIgniter\CodeIgniter->runController()
#6 /app/backend/system/CodeIgniter.php(353): CodeIgniter\CodeIgniter->handleRequest()
#7 /app/backend/public/index.php(79): CodeIgniter\CodeIgniter->run()
#8 {main}
CRITICAL - 2024-01-07 17:21:34 --> Unknown column 'up.profile_image_link' in 'field list'
in SYSTEMPATH/Database/BaseConnection.php on line 646.
 1 APPPATH/Controllers/UsersController.php(50): CodeIgniter\Database\BaseConnection->query()
 2 SYSTEMPATH/CodeIgniter.php(919): App\Controllers\UsersController->getUserTrackerConfig()
 3 SYSTEMPATH/CodeIgniter.php(494): CodeIgniter\CodeIgniter->runController()
 4 SYSTEMPATH/CodeIgniter.php(353): CodeIgniter\CodeIgniter->handleRequest()
 5 FCPATH/index.php(79): CodeIgniter\CodeIgniter->run()
CRITICAL - 2024-01-07 17:23:27 --> Too few arguments to function CodeIgniter\HTTP\Response::setJSON(), 0 passed in /app/backend/app/Controllers/UsersController.php on line 69 and at least 1 expected
in SYSTEMPATH/HTTP/ResponseTrait.php on line 246.
 1 APPPATH/Controllers/UsersController.php(69): CodeIgniter\HTTP\Response->setJSON()
 2 SYSTEMPATH/CodeIgniter.php(919): App\Controllers\UsersController->getUserTrackerConfig()
 3 SYSTEMPATH/CodeIgniter.php(494): CodeIgniter\CodeIgniter->runController()
 4 SYSTEMPATH/CodeIgniter.php(353): CodeIgniter\CodeIgniter->handleRequest()
 5 FCPATH/index.php(79): CodeIgniter\CodeIgniter->run()
CRITICAL - 2024-01-07 17:23:43 --> Too few arguments to function CodeIgniter\HTTP\Response::setJSON(), 0 passed in /app/backend/app/Controllers/UsersController.php on line 69 and at least 1 expected
in SYSTEMPATH/HTTP/ResponseTrait.php on line 246.
 1 APPPATH/Controllers/UsersController.php(69): CodeIgniter\HTTP\Response->setJSON()
 2 SYSTEMPATH/CodeIgniter.php(919): App\Controllers\UsersController->getUserTrackerConfig()
 3 SYSTEMPATH/CodeIgniter.php(494): CodeIgniter\CodeIgniter->runController()
 4 SYSTEMPATH/CodeIgniter.php(353): CodeIgniter\CodeIgniter->handleRequest()
 5 FCPATH/index.php(79): CodeIgniter\CodeIgniter->run()
CRITICAL - 2024-01-07 17:23:47 --> Too few arguments to function CodeIgniter\HTTP\Response::setJSON(), 0 passed in /app/backend/app/Controllers/UsersController.php on line 69 and at least 1 expected
in SYSTEMPATH/HTTP/ResponseTrait.php on line 246.
 1 APPPATH/Controllers/UsersController.php(69): CodeIgniter\HTTP\Response->setJSON()
 2 SYSTEMPATH/CodeIgniter.php(919): App\Controllers\UsersController->getUserTrackerConfig()
 3 SYSTEMPATH/CodeIgniter.php(494): CodeIgniter\CodeIgniter->runController()
 4 SYSTEMPATH/CodeIgniter.php(353): CodeIgniter\CodeIgniter->handleRequest()
 5 FCPATH/index.php(79): CodeIgniter\CodeIgniter->run()
CRITICAL - 2024-01-07 17:35:03 --> Call to undefined method CodeIgniter\Database\MySQLi\Result::get()
in APPPATH/Controllers/UsersController.php on line 45.
 1 SYSTEMPATH/CodeIgniter.php(919): App\Controllers\UsersController->getUserTrackerConfig()
 2 SYSTEMPATH/CodeIgniter.php(494): CodeIgniter\CodeIgniter->runController()
 3 SYSTEMPATH/CodeIgniter.php(353): CodeIgniter\CodeIgniter->handleRequest()
 4 FCPATH/index.php(79): CodeIgniter\CodeIgniter->run()
