CRITICAL - 2023-12-29 02:56:16 --> Class "App\Filters\AuthFilter" not found
in SYSTEMPATH/Filters/Filters.php on line 173.
 1 SYSTEMPATH/CodeIgniter.php(466): CodeIgniter\Filters\Filters->run()
 2 SYSTEMPATH/CodeIgniter.php(353): CodeIgniter\CodeIgniter->handleRequest()
 3 FCPATH/index.php(79): CodeIgniter\CodeIgniter->run()
CRITICAL - 2023-12-29 02:59:32 --> Class "App\Filters\JWT" not found
in APPPATH/Filters/JWTAuthGuard.php on line 47.
 1 SYSTEMPATH/Filters/Filters.php(182): App\Filters\JWTAuthGuard->before()
 2 SYSTEMPATH/CodeIgniter.php(466): CodeIgniter\Filters\Filters->run()
 3 SYSTEMPATH/CodeIgniter.php(353): CodeIgniter\CodeIgniter->handleRequest()
 4 FCPATH/index.php(79): CodeIgniter\CodeIgniter->run()
CRITICAL - 2023-12-29 03:00:00 --> Class "App\Filters\Key" not found
in APPPATH/Filters/JWTAuthGuard.php on line 48.
 1 SYSTEMPATH/Filters/Filters.php(182): App\Filters\JWTAuthGuard->before()
 2 SYSTEMPATH/CodeIgniter.php(466): CodeIgniter\Filters\Filters->run()
 3 SYSTEMPATH/CodeIgniter.php(353): CodeIgniter\CodeIgniter->handleRequest()
 4 FCPATH/index.php(79): CodeIgniter\CodeIgniter->run()
CRITICAL - 2023-12-29 04:52:56 --> Expired token
in VENDORPATH/firebase/php-jwt/src/JWT.php on line 176.
 1 APPPATH/Filters/JWTAuthGuard.php(49): Firebase\JWT\JWT::decode()
 2 SYSTEMPATH/Filters/Filters.php(182): App\Filters\JWTAuthGuard->before()
 3 SYSTEMPATH/CodeIgniter.php(466): CodeIgniter\Filters\Filters->run()
 4 SYSTEMPATH/CodeIgniter.php(353): CodeIgniter\CodeIgniter->handleRequest()
 5 FCPATH/index.php(79): CodeIgniter\CodeIgniter->run()
CRITICAL - 2023-12-29 09:40:40 --> Undefined variable $prefix
in APPPATH/Config/Routes.php on line 22.
 1 APPPATH/Config/Routes.php(22): CodeIgniter\Debug\Exceptions->errorHandler()
 2 APPPATH/Config/Routes.php(25): getEndpoint()
 3 SYSTEMPATH/Router/RouteCollection.php(339): require('/app/backend/app/Config/Routes.php')
 4 SYSTEMPATH/CodeIgniter.php(787): CodeIgniter\Router\RouteCollection->loadRoutes()
 5 SYSTEMPATH/CodeIgniter.php(442): CodeIgniter\CodeIgniter->tryToRouteIt()
 6 SYSTEMPATH/CodeIgniter.php(353): CodeIgniter\CodeIgniter->handleRequest()
 7 FCPATH/index.php(79): CodeIgniter\CodeIgniter->run()
CRITICAL - 2023-12-29 09:40:57 --> Unsupported operand types: string + string
in APPPATH/Config/Routes.php on line 22.
 1 APPPATH/Config/Routes.php(25): getEndpoint()
 2 SYSTEMPATH/Router/RouteCollection.php(339): require('/app/backend/app/Config/Routes.php')
 3 SYSTEMPATH/CodeIgniter.php(787): CodeIgniter\Router\RouteCollection->loadRoutes()
 4 SYSTEMPATH/CodeIgniter.php(442): CodeIgniter\CodeIgniter->tryToRouteIt()
 5 SYSTEMPATH/CodeIgniter.php(353): CodeIgniter\CodeIgniter->handleRequest()
 6 FCPATH/index.php(79): CodeIgniter\CodeIgniter->run()
CRITICAL - 2023-12-29 09:41:06 --> Expired token
in VENDORPATH/firebase/php-jwt/src/JWT.php on line 176.
 1 APPPATH/Filters/JWTAuthGuard.php(49): Firebase\JWT\JWT::decode()
 2 SYSTEMPATH/Filters/Filters.php(182): App\Filters\JWTAuthGuard->before()
 3 SYSTEMPATH/CodeIgniter.php(466): CodeIgniter\Filters\Filters->run()
 4 SYSTEMPATH/CodeIgniter.php(353): CodeIgniter\CodeIgniter->handleRequest()
 5 FCPATH/index.php(79): CodeIgniter\CodeIgniter->run()
CRITICAL - 2023-12-29 09:42:09 --> Class "App\Controllers\File" not found
in APPPATH/Controllers/TrackersController.php on line 40.
 1 SYSTEMPATH/CodeIgniter.php(919): App\Controllers\TrackersController->track()
 2 SYSTEMPATH/CodeIgniter.php(494): CodeIgniter\CodeIgniter->runController()
 3 SYSTEMPATH/CodeIgniter.php(353): CodeIgniter\CodeIgniter->handleRequest()
 4 FCPATH/index.php(79): CodeIgniter\CodeIgniter->run()
