CRITICAL - 2023-12-28 12:15:51 --> Call to undefined method App\Controllers\UsersController::respond()
in APPPATH/Controllers/UsersController.php on line 24.
 1 SYSTEMPATH/CodeIgniter.php(919): App\Controllers\UsersController->userProfile()
 2 SYSTEMPATH/CodeIgniter.php(494): CodeIgniter\CodeIgniter->runController()
 3 SYSTEMPATH/CodeIgniter.php(353): CodeIgniter\CodeIgniter->handleRequest()
 4 FCPATH/index.php(79): CodeIgniter\CodeIgniter->run()
CRITICAL - 2023-12-28 12:16:10 --> Call to undefined method App\Controllers\UsersController::respond()
in APPPATH/Controllers/UsersController.php on line 24.
 1 SYSTEMPATH/CodeIgniter.php(919): App\Controllers\UsersController->userProfile()
 2 SYSTEMPATH/CodeIgniter.php(494): CodeIgniter\CodeIgniter->runController()
 3 SYSTEMPATH/CodeIgniter.php(353): CodeIgniter\CodeIgniter->handleRequest()
 4 FCPATH/index.php(79): CodeIgniter\CodeIgniter->run()
CRITICAL - 2023-12-28 12:16:11 --> Call to undefined method App\Controllers\UsersController::respond()
in APPPATH/Controllers/UsersController.php on line 24.
 1 SYSTEMPATH/CodeIgniter.php(919): App\Controllers\UsersController->userProfile()
 2 SYSTEMPATH/CodeIgniter.php(494): CodeIgniter\CodeIgniter->runController()
 3 SYSTEMPATH/CodeIgniter.php(353): CodeIgniter\CodeIgniter->handleRequest()
 4 FCPATH/index.php(79): CodeIgniter\CodeIgniter->run()
CRITICAL - 2023-12-28 12:16:30 --> Call to undefined method App\Controllers\UsersController::respond()
in APPPATH/Controllers/UsersController.php on line 24.
 1 SYSTEMPATH/CodeIgniter.php(919): App\Controllers\UsersController->userProfile()
 2 SYSTEMPATH/CodeIgniter.php(494): CodeIgniter\CodeIgniter->runController()
 3 SYSTEMPATH/CodeIgniter.php(353): CodeIgniter\CodeIgniter->handleRequest()
 4 FCPATH/index.php(79): CodeIgniter\CodeIgniter->run()
CRITICAL - 2023-12-28 12:45:41 --> Call to undefined method App\Controllers\UsersController::fail()
in APPPATH/Controllers/UsersController.php on line 53.
 1 SYSTEMPATH/CodeIgniter.php(919): App\Controllers\UsersController->register()
 2 SYSTEMPATH/CodeIgniter.php(494): CodeIgniter\CodeIgniter->runController()
 3 SYSTEMPATH/CodeIgniter.php(353): CodeIgniter\CodeIgniter->handleRequest()
 4 FCPATH/index.php(79): CodeIgniter\CodeIgniter->run()
CRITICAL - 2023-12-28 12:46:56 --> Call to undefined method App\Controllers\UsersController::fail()
in APPPATH/Controllers/UsersController.php on line 53.
 1 SYSTEMPATH/CodeIgniter.php(919): App\Controllers\UsersController->register()
 2 SYSTEMPATH/CodeIgniter.php(494): CodeIgniter\CodeIgniter->runController()
 3 SYSTEMPATH/CodeIgniter.php(353): CodeIgniter\CodeIgniter->handleRequest()
 4 FCPATH/index.php(79): CodeIgniter\CodeIgniter->run()
CRITICAL - 2023-12-28 12:48:07 --> Call to undefined method App\Controllers\UsersController::respond()
in APPPATH/Controllers/UsersController.php on line 53.
 1 SYSTEMPATH/CodeIgniter.php(919): App\Controllers\UsersController->register()
 2 SYSTEMPATH/CodeIgniter.php(494): CodeIgniter\CodeIgniter->runController()
 3 SYSTEMPATH/CodeIgniter.php(353): CodeIgniter\CodeIgniter->handleRequest()
 4 FCPATH/index.php(79): CodeIgniter\CodeIgniter->run()
ERROR - 2023-12-28 12:49:35 --> mysqli_sql_exception: Cannot add or update a child row: a foreign key constraint fails (`bitnami_myapp`.`users`, CONSTRAINT `users_role_id_foreign` FOREIGN KEY (`role_id`) REFERENCES `roles` (`id`)) in /app/backend/system/Database/MySQLi/Connection.php:306
Stack trace:
#0 /app/backend/system/Database/MySQLi/Connection.php(306): mysqli->query()
#1 /app/backend/system/Database/BaseConnection.php(692): CodeIgniter\Database\MySQLi\Connection->execute()
#2 /app/backend/system/Database/BaseConnection.php(606): CodeIgniter\Database\BaseConnection->simpleQuery()
#3 /app/backend/system/Database/BaseBuilder.php(2308): CodeIgniter\Database\BaseConnection->query()
#4 /app/backend/system/Model.php(319): CodeIgniter\Database\BaseBuilder->insert()
#5 /app/backend/system/BaseModel.php(788): CodeIgniter\Model->doInsert()
#6 /app/backend/system/Model.php(715): CodeIgniter\BaseModel->insert()
#7 /app/backend/system/BaseModel.php(698): CodeIgniter\Model->insert()
#8 /app/backend/app/Controllers/UsersController.php(47): CodeIgniter\BaseModel->save()
#9 /app/backend/system/CodeIgniter.php(919): App\Controllers\UsersController->register()
#10 /app/backend/system/CodeIgniter.php(494): CodeIgniter\CodeIgniter->runController()
#11 /app/backend/system/CodeIgniter.php(353): CodeIgniter\CodeIgniter->handleRequest()
#12 /app/backend/public/index.php(79): CodeIgniter\CodeIgniter->run()
#13 {main}
CRITICAL - 2023-12-28 12:49:35 --> Cannot add or update a child row: a foreign key constraint fails (`bitnami_myapp`.`users`, CONSTRAINT `users_role_id_foreign` FOREIGN KEY (`role_id`) REFERENCES `roles` (`id`))
in SYSTEMPATH/Database/BaseConnection.php on line 646.
 1 SYSTEMPATH/Database/BaseBuilder.php(2308): CodeIgniter\Database\BaseConnection->query()
 2 SYSTEMPATH/Model.php(319): CodeIgniter\Database\BaseBuilder->insert()
 3 SYSTEMPATH/BaseModel.php(788): CodeIgniter\Model->doInsert()
 4 SYSTEMPATH/Model.php(715): CodeIgniter\BaseModel->insert()
 5 SYSTEMPATH/BaseModel.php(698): CodeIgniter\Model->insert()
 6 APPPATH/Controllers/UsersController.php(47): CodeIgniter\BaseModel->save()
 7 SYSTEMPATH/CodeIgniter.php(919): App\Controllers\UsersController->register()
 8 SYSTEMPATH/CodeIgniter.php(494): CodeIgniter\CodeIgniter->runController()
 9 SYSTEMPATH/CodeIgniter.php(353): CodeIgniter\CodeIgniter->handleRequest()
10 FCPATH/index.php(79): CodeIgniter\CodeIgniter->run()
CRITICAL - 2023-12-28 12:52:43 --> Class "Firebase\JWT\JWT" not found
in APPPATH/Controllers/AuthController.php on line 45.
 1 SYSTEMPATH/CodeIgniter.php(919): App\Controllers\AuthController->authenticate()
 2 SYSTEMPATH/CodeIgniter.php(494): CodeIgniter\CodeIgniter->runController()
 3 SYSTEMPATH/CodeIgniter.php(353): CodeIgniter\CodeIgniter->handleRequest()
 4 FCPATH/index.php(79): CodeIgniter\CodeIgniter->run()
