ERROR - 2023-10-01 10:16:58 --> Error connecting to the database: mysqli_sql_exception: No such file or directory in /app/system/Database/MySQLi/Connection.php:185
Stack trace:
#0 /app/system/Database/MySQLi/Connection.php(185): mysqli->real_connect()
#1 /app/system/Database/BaseConnection.php(391): CodeIgniter\Database\MySQLi\Connection->connect()
#2 /app/system/Database/BaseConnection.php(574): CodeIgniter\Database\BaseConnection->initialize()
#3 /app/system/Database/BaseConnection.php(1409): CodeIgniter\Database\BaseConnection->query()
#4 /app/system/Database/BaseConnection.php(1428): CodeIgniter\Database\BaseConnection->listTables()
#5 /app/system/Database/MigrationRunner.php(768): CodeIgniter\Database\BaseConnection->tableExists()
#6 /app/system/Database/MigrationRunner.php(168): CodeIgniter\Database\MigrationRunner->ensureTable()
#7 /app/system/Commands/Database/Migrate.php(84): CodeIgniter\Database\MigrationRunner->latest()
#8 /app/system/CLI/Commands.php(65): CodeIgniter\Commands\Database\Migrate->run()
#9 /app/system/CLI/Console.php(37): CodeIgniter\CLI\Commands->run()
#10 /app/spark(102): CodeIgniter\CLI\Console->run()
#11 {main}

Next CodeIgniter\Database\Exceptions\DatabaseException: No such file or directory in /app/system/Database/MySQLi/Connection.php:229
Stack trace:
#0 /app/system/Database/BaseConnection.php(391): CodeIgniter\Database\MySQLi\Connection->connect()
#1 /app/system/Database/BaseConnection.php(574): CodeIgniter\Database\BaseConnection->initialize()
#2 /app/system/Database/BaseConnection.php(1409): CodeIgniter\Database\BaseConnection->query()
#3 /app/system/Database/BaseConnection.php(1428): CodeIgniter\Database\BaseConnection->listTables()
#4 /app/system/Database/MigrationRunner.php(768): CodeIgniter\Database\BaseConnection->tableExists()
#5 /app/system/Database/MigrationRunner.php(168): CodeIgniter\Database\MigrationRunner->ensureTable()
#6 /app/system/Commands/Database/Migrate.php(84): CodeIgniter\Database\MigrationRunner->latest()
#7 /app/system/CLI/Commands.php(65): CodeIgniter\Commands\Database\Migrate->run()
#8 /app/system/CLI/Console.php(37): CodeIgniter\CLI\Commands->run()
#9 /app/spark(102): CodeIgniter\CLI\Console->run()
#10 {main}
ERROR - 2023-10-01 16:44:51 --> mysqli_sql_exception: Unknown table 'bitnami_myapp.org_employees' in /app/backend/system/Database/MySQLi/Connection.php:306
Stack trace:
#0 /app/backend/system/Database/MySQLi/Connection.php(306): mysqli->query()
#1 /app/backend/system/Database/BaseConnection.php(692): CodeIgniter\Database\MySQLi\Connection->execute()
#2 /app/backend/system/Database/BaseConnection.php(606): CodeIgniter\Database\BaseConnection->simpleQuery()
#3 /app/backend/system/Database/Forge.php(637): CodeIgniter\Database\BaseConnection->query()
#4 /app/backend/app/Database/Migrations/2023-10-01-162447_CreateOrgEmployeesTable.php(39): CodeIgniter\Database\Forge->dropTable()
#5 /app/backend/system/Database/MigrationRunner.php(877): App\Database\Migrations\CreateOrgEmployeesTable->down()
#6 /app/backend/system/Database/MigrationRunner.php(299): CodeIgniter\Database\MigrationRunner->migrate()
#7 /app/backend/system/Commands/Database/MigrateRollback.php(92): CodeIgniter\Database\MigrationRunner->regress()
#8 /app/backend/system/CLI/Commands.php(65): CodeIgniter\Commands\Database\MigrateRollback->run()
#9 /app/backend/system/CLI/BaseCommand.php(115): CodeIgniter\CLI\Commands->run()
#10 /app/backend/system/Commands/Database/MigrateRefresh.php(84): CodeIgniter\CLI\BaseCommand->call()
#11 /app/backend/system/CLI/Commands.php(65): CodeIgniter\Commands\Database\MigrateRefresh->run()
#12 /app/backend/system/CLI/Console.php(37): CodeIgniter\CLI\Commands->run()
#13 /app/backend/spark(102): CodeIgniter\CLI\Console->run()
#14 {main}
ERROR - 2023-10-01 16:45:25 --> mysqli_sql_exception: Unknown table 'bitnami_myapp.org_employees' in /app/backend/system/Database/MySQLi/Connection.php:306
Stack trace:
#0 /app/backend/system/Database/MySQLi/Connection.php(306): mysqli->query()
#1 /app/backend/system/Database/BaseConnection.php(692): CodeIgniter\Database\MySQLi\Connection->execute()
#2 /app/backend/system/Database/BaseConnection.php(606): CodeIgniter\Database\BaseConnection->simpleQuery()
#3 /app/backend/system/Database/Forge.php(637): CodeIgniter\Database\BaseConnection->query()
#4 /app/backend/app/Database/Migrations/2023-10-01-162447_CreateOrgEmployeesTable.php(39): CodeIgniter\Database\Forge->dropTable()
#5 /app/backend/system/Database/MigrationRunner.php(877): App\Database\Migrations\CreateOrgEmployeesTable->down()
#6 /app/backend/system/Database/MigrationRunner.php(299): CodeIgniter\Database\MigrationRunner->migrate()
#7 /app/backend/system/Commands/Database/MigrateRollback.php(92): CodeIgniter\Database\MigrationRunner->regress()
#8 /app/backend/system/CLI/Commands.php(65): CodeIgniter\Commands\Database\MigrateRollback->run()
#9 /app/backend/system/CLI/Console.php(37): CodeIgniter\CLI\Commands->run()
#10 /app/backend/spark(102): CodeIgniter\CLI\Console->run()
#11 {main}
ERROR - 2023-10-01 16:45:35 --> mysqli_sql_exception: Unknown table 'bitnami_myapp.org_employees' in /app/backend/system/Database/MySQLi/Connection.php:306
Stack trace:
#0 /app/backend/system/Database/MySQLi/Connection.php(306): mysqli->query()
#1 /app/backend/system/Database/BaseConnection.php(692): CodeIgniter\Database\MySQLi\Connection->execute()
#2 /app/backend/system/Database/BaseConnection.php(606): CodeIgniter\Database\BaseConnection->simpleQuery()
#3 /app/backend/system/Database/Forge.php(637): CodeIgniter\Database\BaseConnection->query()
#4 /app/backend/app/Database/Migrations/2023-10-01-162447_CreateOrgEmployeesTable.php(39): CodeIgniter\Database\Forge->dropTable()
#5 /app/backend/system/Database/MigrationRunner.php(877): App\Database\Migrations\CreateOrgEmployeesTable->down()
#6 /app/backend/system/Database/MigrationRunner.php(299): CodeIgniter\Database\MigrationRunner->migrate()
#7 /app/backend/system/Commands/Database/MigrateRollback.php(92): CodeIgniter\Database\MigrationRunner->regress()
#8 /app/backend/system/CLI/Commands.php(65): CodeIgniter\Commands\Database\MigrateRollback->run()
#9 /app/backend/system/CLI/BaseCommand.php(115): CodeIgniter\CLI\Commands->run()
#10 /app/backend/system/Commands/Database/MigrateRefresh.php(84): CodeIgniter\CLI\BaseCommand->call()
#11 /app/backend/system/CLI/Commands.php(65): CodeIgniter\Commands\Database\MigrateRefresh->run()
#12 /app/backend/system/CLI/Console.php(37): CodeIgniter\CLI\Commands->run()
#13 /app/backend/spark(102): CodeIgniter\CLI\Console->run()
#14 {main}
ERROR - 2023-10-01 16:46:43 --> mysqli_sql_exception: Unknown table 'bitnami_myapp.org_employees' in /app/backend/system/Database/MySQLi/Connection.php:306
Stack trace:
#0 /app/backend/system/Database/MySQLi/Connection.php(306): mysqli->query()
#1 /app/backend/system/Database/BaseConnection.php(692): CodeIgniter\Database\MySQLi\Connection->execute()
#2 /app/backend/system/Database/BaseConnection.php(606): CodeIgniter\Database\BaseConnection->simpleQuery()
#3 /app/backend/system/Database/Forge.php(637): CodeIgniter\Database\BaseConnection->query()
#4 /app/backend/app/Database/Migrations/2023-10-01-162447_CreateOrgEmployeesTable.php(39): CodeIgniter\Database\Forge->dropTable()
#5 /app/backend/system/Database/MigrationRunner.php(877): App\Database\Migrations\CreateOrgEmployeesTable->down()
#6 /app/backend/system/Database/MigrationRunner.php(299): CodeIgniter\Database\MigrationRunner->migrate()
#7 /app/backend/system/Commands/Database/MigrateRollback.php(92): CodeIgniter\Database\MigrationRunner->regress()
#8 /app/backend/system/CLI/Commands.php(65): CodeIgniter\Commands\Database\MigrateRollback->run()
#9 /app/backend/system/CLI/BaseCommand.php(115): CodeIgniter\CLI\Commands->run()
#10 /app/backend/system/Commands/Database/MigrateRefresh.php(84): CodeIgniter\CLI\BaseCommand->call()
#11 /app/backend/system/CLI/Commands.php(65): CodeIgniter\Commands\Database\MigrateRefresh->run()
#12 /app/backend/system/CLI/Console.php(37): CodeIgniter\CLI\Commands->run()
#13 /app/backend/spark(102): CodeIgniter\CLI\Console->run()
#14 {main}
ERROR - 2023-10-01 16:47:28 --> mysqli_sql_exception: Unknown table 'bitnami_myapp.org_employees' in /app/backend/system/Database/MySQLi/Connection.php:306
Stack trace:
#0 /app/backend/system/Database/MySQLi/Connection.php(306): mysqli->query()
#1 /app/backend/system/Database/BaseConnection.php(692): CodeIgniter\Database\MySQLi\Connection->execute()
#2 /app/backend/system/Database/BaseConnection.php(606): CodeIgniter\Database\BaseConnection->simpleQuery()
#3 /app/backend/system/Database/Forge.php(637): CodeIgniter\Database\BaseConnection->query()
#4 /app/backend/app/Database/Migrations/2023-10-01-162447_CreateOrgEmployeesTable.php(39): CodeIgniter\Database\Forge->dropTable()
#5 /app/backend/system/Database/MigrationRunner.php(877): App\Database\Migrations\CreateOrgEmployeesTable->down()
#6 /app/backend/system/Database/MigrationRunner.php(299): CodeIgniter\Database\MigrationRunner->migrate()
#7 /app/backend/system/Commands/Database/MigrateRollback.php(92): CodeIgniter\Database\MigrationRunner->regress()
#8 /app/backend/system/CLI/Commands.php(65): CodeIgniter\Commands\Database\MigrateRollback->run()
#9 /app/backend/system/CLI/Console.php(37): CodeIgniter\CLI\Commands->run()
#10 /app/backend/spark(102): CodeIgniter\CLI\Console->run()
#11 {main}
ERROR - 2023-10-01 16:54:31 --> mysqli_sql_exception: Invalid default value for 'created_at' in /app/backend/system/Database/MySQLi/Connection.php:306
Stack trace:
#0 /app/backend/system/Database/MySQLi/Connection.php(306): mysqli->query()
#1 /app/backend/system/Database/BaseConnection.php(692): CodeIgniter\Database\MySQLi\Connection->execute()
#2 /app/backend/system/Database/BaseConnection.php(606): CodeIgniter\Database\BaseConnection->simpleQuery()
#3 /app/backend/system/Database/Forge.php(546): CodeIgniter\Database\BaseConnection->query()
#4 /app/backend/app/Database/Migrations/2023-10-01-152354_CreateEmployeeActivitiesTable.php(55): CodeIgniter\Database\Forge->createTable()
#5 /app/backend/system/Database/MigrationRunner.php(877): App\Database\Migrations\CreateEmployeeActivitiesTable->up()
#6 /app/backend/system/Database/MigrationRunner.php(188): CodeIgniter\Database\MigrationRunner->migrate()
#7 /app/backend/system/Commands/Database/Migrate.php(84): CodeIgniter\Database\MigrationRunner->latest()
#8 /app/backend/system/CLI/Commands.php(65): CodeIgniter\Commands\Database\Migrate->run()
#9 /app/backend/system/CLI/BaseCommand.php(115): CodeIgniter\CLI\Commands->run()
#10 /app/backend/system/Commands/Database/MigrateRefresh.php(85): CodeIgniter\CLI\BaseCommand->call()
#11 /app/backend/system/CLI/Commands.php(65): CodeIgniter\Commands\Database\MigrateRefresh->run()
#12 /app/backend/system/CLI/Console.php(37): CodeIgniter\CLI\Commands->run()
#13 /app/backend/spark(102): CodeIgniter\CLI\Console->run()
#14 {main}
ERROR - 2023-10-01 16:57:19 --> mysqli_sql_exception: Invalid default value for 'created_at' in /app/backend/system/Database/MySQLi/Connection.php:306
Stack trace:
#0 /app/backend/system/Database/MySQLi/Connection.php(306): mysqli->query()
#1 /app/backend/system/Database/BaseConnection.php(692): CodeIgniter\Database\MySQLi\Connection->execute()
#2 /app/backend/system/Database/BaseConnection.php(606): CodeIgniter\Database\BaseConnection->simpleQuery()
#3 /app/backend/system/Database/Forge.php(546): CodeIgniter\Database\BaseConnection->query()
#4 /app/backend/app/Database/Migrations/2023-10-01-152354_CreateEmployeeActivitiesTable.php(55): CodeIgniter\Database\Forge->createTable()
#5 /app/backend/system/Database/MigrationRunner.php(877): App\Database\Migrations\CreateEmployeeActivitiesTable->up()
#6 /app/backend/system/Database/MigrationRunner.php(188): CodeIgniter\Database\MigrationRunner->migrate()
#7 /app/backend/system/Commands/Database/Migrate.php(84): CodeIgniter\Database\MigrationRunner->latest()
#8 /app/backend/system/CLI/Commands.php(65): CodeIgniter\Commands\Database\Migrate->run()
#9 /app/backend/system/CLI/Console.php(37): CodeIgniter\CLI\Commands->run()
#10 /app/backend/spark(102): CodeIgniter\CLI\Console->run()
#11 {main}
ERROR - 2023-10-01 16:57:43 --> mysqli_sql_exception: Invalid default value for 'created_at' in /app/backend/system/Database/MySQLi/Connection.php:306
Stack trace:
#0 /app/backend/system/Database/MySQLi/Connection.php(306): mysqli->query()
#1 /app/backend/system/Database/BaseConnection.php(692): CodeIgniter\Database\MySQLi\Connection->execute()
#2 /app/backend/system/Database/BaseConnection.php(606): CodeIgniter\Database\BaseConnection->simpleQuery()
#3 /app/backend/system/Database/Forge.php(546): CodeIgniter\Database\BaseConnection->query()
#4 /app/backend/app/Database/Migrations/2023-10-01-152354_CreateEmployeeActivitiesTable.php(55): CodeIgniter\Database\Forge->createTable()
#5 /app/backend/system/Database/MigrationRunner.php(877): App\Database\Migrations\CreateEmployeeActivitiesTable->up()
#6 /app/backend/system/Database/MigrationRunner.php(188): CodeIgniter\Database\MigrationRunner->migrate()
#7 /app/backend/system/Commands/Database/Migrate.php(84): CodeIgniter\Database\MigrationRunner->latest()
#8 /app/backend/system/CLI/Commands.php(65): CodeIgniter\Commands\Database\Migrate->run()
#9 /app/backend/system/CLI/Console.php(37): CodeIgniter\CLI\Commands->run()
#10 /app/backend/spark(102): CodeIgniter\CLI\Console->run()
#11 {main}
ERROR - 2023-10-01 16:59:05 --> mysqli_sql_exception: Invalid default value for 'created_at' in /app/backend/system/Database/MySQLi/Connection.php:306
Stack trace:
#0 /app/backend/system/Database/MySQLi/Connection.php(306): mysqli->query()
#1 /app/backend/system/Database/BaseConnection.php(692): CodeIgniter\Database\MySQLi\Connection->execute()
#2 /app/backend/system/Database/BaseConnection.php(606): CodeIgniter\Database\BaseConnection->simpleQuery()
#3 /app/backend/system/Database/Forge.php(546): CodeIgniter\Database\BaseConnection->query()
#4 /app/backend/app/Database/Migrations/2023-10-01-152354_CreateEmployeeActivitiesTable.php(55): CodeIgniter\Database\Forge->createTable()
#5 /app/backend/system/Database/MigrationRunner.php(877): App\Database\Migrations\CreateEmployeeActivitiesTable->up()
#6 /app/backend/system/Database/MigrationRunner.php(188): CodeIgniter\Database\MigrationRunner->migrate()
#7 /app/backend/system/Commands/Database/Migrate.php(84): CodeIgniter\Database\MigrationRunner->latest()
#8 /app/backend/system/CLI/Commands.php(65): CodeIgniter\Commands\Database\Migrate->run()
#9 /app/backend/system/CLI/Console.php(37): CodeIgniter\CLI\Commands->run()
#10 /app/backend/spark(102): CodeIgniter\CLI\Console->run()
#11 {main}
ERROR - 2023-10-01 16:59:38 --> mysqli_sql_exception: Invalid default value for 'created_at' in /app/backend/system/Database/MySQLi/Connection.php:306
Stack trace:
#0 /app/backend/system/Database/MySQLi/Connection.php(306): mysqli->query()
#1 /app/backend/system/Database/BaseConnection.php(692): CodeIgniter\Database\MySQLi\Connection->execute()
#2 /app/backend/system/Database/BaseConnection.php(606): CodeIgniter\Database\BaseConnection->simpleQuery()
#3 /app/backend/system/Database/Forge.php(546): CodeIgniter\Database\BaseConnection->query()
#4 /app/backend/app/Database/Migrations/2023-10-01-152354_CreateEmployeeActivitiesTable.php(55): CodeIgniter\Database\Forge->createTable()
#5 /app/backend/system/Database/MigrationRunner.php(877): App\Database\Migrations\CreateEmployeeActivitiesTable->up()
#6 /app/backend/system/Database/MigrationRunner.php(188): CodeIgniter\Database\MigrationRunner->migrate()
#7 /app/backend/system/Commands/Database/Migrate.php(84): CodeIgniter\Database\MigrationRunner->latest()
#8 /app/backend/system/CLI/Commands.php(65): CodeIgniter\Commands\Database\Migrate->run()
#9 /app/backend/system/CLI/Console.php(37): CodeIgniter\CLI\Commands->run()
#10 /app/backend/spark(102): CodeIgniter\CLI\Console->run()
#11 {main}
ERROR - 2023-10-01 17:23:22 --> mysqli_sql_exception: You have an error in your SQL syntax; check the manual that corresponds to your MariaDB server version for the right syntax to use near '0,1) NOT NULL DEFAULT 1,
	`role_id` INT(5) UNSIGNED NOT NULL,
	`created_at` T...' at line 5 in /app/backend/system/Database/MySQLi/Connection.php:306
Stack trace:
#0 /app/backend/system/Database/MySQLi/Connection.php(306): mysqli->query()
#1 /app/backend/system/Database/BaseConnection.php(692): CodeIgniter\Database\MySQLi\Connection->execute()
#2 /app/backend/system/Database/BaseConnection.php(606): CodeIgniter\Database\BaseConnection->simpleQuery()
#3 /app/backend/system/Database/Forge.php(546): CodeIgniter\Database\BaseConnection->query()
#4 /app/backend/app/Database/Migrations/2023-10-01-151416_CreateUsersTable.php(45): CodeIgniter\Database\Forge->createTable()
#5 /app/backend/system/Database/MigrationRunner.php(877): App\Database\Migrations\CreateUsersTable->up()
#6 /app/backend/system/Database/MigrationRunner.php(188): CodeIgniter\Database\MigrationRunner->migrate()
#7 /app/backend/system/Commands/Database/Migrate.php(84): CodeIgniter\Database\MigrationRunner->latest()
#8 /app/backend/system/CLI/Commands.php(65): CodeIgniter\Commands\Database\Migrate->run()
#9 /app/backend/system/CLI/BaseCommand.php(115): CodeIgniter\CLI\Commands->run()
#10 /app/backend/system/Commands/Database/MigrateRefresh.php(85): CodeIgniter\CLI\BaseCommand->call()
#11 /app/backend/system/CLI/Commands.php(65): CodeIgniter\Commands\Database\MigrateRefresh->run()
#12 /app/backend/system/CLI/Console.php(37): CodeIgniter\CLI\Commands->run()
#13 /app/backend/spark(102): CodeIgniter\CLI\Console->run()
#14 {main}
CRITICAL - 2023-10-01 18:03:17 --> CodeIgniter\Router\RouteCollection::match(): Argument #1 ($verbs) must be of type array, string given, called in /app/backend/app/Config/Routes.php on line 15
in SYSTEMPATH/Router/RouteCollection.php on line 991.
 1 APPPATH/Config/Routes.php(15): CodeIgniter\Router\RouteCollection->match()
 2 SYSTEMPATH/Router/RouteCollection.php(339): require('/app/backend/app/Config/Routes.php')
 3 SYSTEMPATH/CodeIgniter.php(787): CodeIgniter\Router\RouteCollection->loadRoutes()
 4 SYSTEMPATH/CodeIgniter.php(442): CodeIgniter\CodeIgniter->tryToRouteIt()
 5 SYSTEMPATH/CodeIgniter.php(353): CodeIgniter\CodeIgniter->handleRequest()
 6 FCPATH/index.php(79): CodeIgniter\CodeIgniter->run()
CRITICAL - 2023-10-01 18:04:46 --> CodeIgniter\Router\RouteCollection::match(): Argument #1 ($verbs) must be of type array, string given, called in /app/backend/app/Config/Routes.php on line 15
in SYSTEMPATH/Router/RouteCollection.php on line 991.
 1 APPPATH/Config/Routes.php(15): CodeIgniter\Router\RouteCollection->match()
 2 SYSTEMPATH/Router/RouteCollection.php(339): require('/app/backend/app/Config/Routes.php')
 3 SYSTEMPATH/CodeIgniter.php(787): CodeIgniter\Router\RouteCollection->loadRoutes()
 4 SYSTEMPATH/CodeIgniter.php(442): CodeIgniter\CodeIgniter->tryToRouteIt()
 5 SYSTEMPATH/CodeIgniter.php(353): CodeIgniter\CodeIgniter->handleRequest()
 6 FCPATH/index.php(79): CodeIgniter\CodeIgniter->run()
