CRITICAL - 2024-01-05 12:43:18 --> Class "App\Controllers\Aws\S3\S3Client" not found
in APPPATH/Controllers/TrackersController.php on line 18.
 1 SYSTEMPATH/CodeIgniter.php(919): App\Controllers\TrackersController->track()
 2 SYSTEMPATH/CodeIgniter.php(494): CodeIgniter\CodeIgniter->runController()
 3 SYSTEMPATH/CodeIgniter.php(353): CodeIgniter\CodeIgniter->handleRequest()
 4 FCPATH/index.php(79): CodeIgniter\CodeIgniter->run()
CRITICAL - 2024-01-05 12:44:18 --> Class "App\Controllers\Aws\S3\S3Client" not found
in APPPATH/Controllers/TrackersController.php on line 18.
 1 SYSTEMPATH/CodeIgniter.php(919): App\Controllers\TrackersController->track()
 2 SYSTEMPATH/CodeIgniter.php(494): CodeIgniter\CodeIgniter->runController()
 3 SYSTEMPATH/CodeIgniter.php(353): CodeIgniter\CodeIgniter->handleRequest()
 4 FCPATH/index.php(79): CodeIgniter\CodeIgniter->run()
CRITICAL - 2024-01-05 12:45:01 --> Class "App\Controllers\Aws\S3\S3Client" not found
in APPPATH/Controllers/TrackersController.php on line 18.
 1 SYSTEMPATH/CodeIgniter.php(919): App\Controllers\TrackersController->track()
 2 SYSTEMPATH/CodeIgniter.php(494): CodeIgniter\CodeIgniter->runController()
 3 SYSTEMPATH/CodeIgniter.php(353): CodeIgniter\CodeIgniter->handleRequest()
 4 FCPATH/index.php(79): CodeIgniter\CodeIgniter->run()
CRITICAL - 2024-01-05 12:45:18 --> Class "App\Controllers\Aws\S3\S3Client" not found
in APPPATH/Controllers/TrackersController.php on line 18.
 1 SYSTEMPATH/CodeIgniter.php(919): App\Controllers\TrackersController->track()
 2 SYSTEMPATH/CodeIgniter.php(494): CodeIgniter\CodeIgniter->runController()
 3 SYSTEMPATH/CodeIgniter.php(353): CodeIgniter\CodeIgniter->handleRequest()
 4 FCPATH/index.php(79): CodeIgniter\CodeIgniter->run()
CRITICAL - 2024-01-05 12:46:12 --> Class "Aws\S3\S3Client" not found
in APPPATH/Controllers/TrackersController.php on line 18.
 1 SYSTEMPATH/CodeIgniter.php(919): App\Controllers\TrackersController->track()
 2 SYSTEMPATH/CodeIgniter.php(494): CodeIgniter\CodeIgniter->runController()
 3 SYSTEMPATH/CodeIgniter.php(353): CodeIgniter\CodeIgniter->handleRequest()
 4 FCPATH/index.php(79): CodeIgniter\CodeIgniter->run()
CRITICAL - 2024-01-05 12:46:18 --> Class "Aws\S3\S3Client" not found
in APPPATH/Controllers/TrackersController.php on line 18.
 1 SYSTEMPATH/CodeIgniter.php(919): App\Controllers\TrackersController->track()
 2 SYSTEMPATH/CodeIgniter.php(494): CodeIgniter\CodeIgniter->runController()
 3 SYSTEMPATH/CodeIgniter.php(353): CodeIgniter\CodeIgniter->handleRequest()
 4 FCPATH/index.php(79): CodeIgniter\CodeIgniter->run()
CRITICAL - 2024-01-05 12:47:18 --> Class "App\Controllers\Aws\S3\S3Client" not found
in APPPATH/Controllers/TrackersController.php on line 18.
 1 SYSTEMPATH/CodeIgniter.php(919): App\Controllers\TrackersController->track()
 2 SYSTEMPATH/CodeIgniter.php(494): CodeIgniter\CodeIgniter->runController()
 3 SYSTEMPATH/CodeIgniter.php(353): CodeIgniter\CodeIgniter->handleRequest()
 4 FCPATH/index.php(79): CodeIgniter\CodeIgniter->run()
CRITICAL - 2024-01-05 12:48:18 --> Class "App\Controllers\Aws\S3\S3Client" not found
in APPPATH/Controllers/TrackersController.php on line 18.
 1 SYSTEMPATH/CodeIgniter.php(919): App\Controllers\TrackersController->track()
 2 SYSTEMPATH/CodeIgniter.php(494): CodeIgniter\CodeIgniter->runController()
 3 SYSTEMPATH/CodeIgniter.php(353): CodeIgniter\CodeIgniter->handleRequest()
 4 FCPATH/index.php(79): CodeIgniter\CodeIgniter->run()
CRITICAL - 2024-01-05 12:49:18 --> Class "App\Controllers\Aws\S3\S3Client" not found
in APPPATH/Controllers/TrackersController.php on line 18.
 1 SYSTEMPATH/CodeIgniter.php(919): App\Controllers\TrackersController->track()
 2 SYSTEMPATH/CodeIgniter.php(494): CodeIgniter\CodeIgniter->runController()
 3 SYSTEMPATH/CodeIgniter.php(353): CodeIgniter\CodeIgniter->handleRequest()
 4 FCPATH/index.php(79): CodeIgniter\CodeIgniter->run()
CRITICAL - 2024-01-05 12:50:00 --> require(vendor/autoload.php): Failed to open stream: No such file or directory
in APPPATH/Controllers/TrackersController.php on line 8.
 1 APPPATH/Controllers/TrackersController.php(8): CodeIgniter\Debug\Exceptions->errorHandler()
 2 APPPATH/Controllers/TrackersController.php(8): require()
 3 SYSTEMPATH/Autoloader/Autoloader.php(306): include_once('/app/backend/app/Controllers/TrackersController.php')
 4 SYSTEMPATH/Autoloader/Autoloader.php(285): CodeIgniter\Autoloader\Autoloader->includeFile()
 5 SYSTEMPATH/Autoloader/Autoloader.php(263): CodeIgniter\Autoloader\Autoloader->loadInNamespace()
 6 [internal function]: CodeIgniter\Autoloader\Autoloader->loadClass()
 7 SYSTEMPATH/CodeIgniter.php(877): class_exists()
 8 SYSTEMPATH/CodeIgniter.php(481): CodeIgniter\CodeIgniter->startController()
 9 SYSTEMPATH/CodeIgniter.php(353): CodeIgniter\CodeIgniter->handleRequest()
10 FCPATH/index.php(79): CodeIgniter\CodeIgniter->run()
CRITICAL - 2024-01-05 12:50:18 --> require(vendor/autoload.php): Failed to open stream: No such file or directory
in APPPATH/Controllers/TrackersController.php on line 8.
 1 APPPATH/Controllers/TrackersController.php(8): CodeIgniter\Debug\Exceptions->errorHandler()
 2 APPPATH/Controllers/TrackersController.php(8): require()
 3 SYSTEMPATH/Autoloader/Autoloader.php(306): include_once('/app/backend/app/Controllers/TrackersController.php')
 4 SYSTEMPATH/Autoloader/Autoloader.php(285): CodeIgniter\Autoloader\Autoloader->includeFile()
 5 SYSTEMPATH/Autoloader/Autoloader.php(263): CodeIgniter\Autoloader\Autoloader->loadInNamespace()
 6 [internal function]: CodeIgniter\Autoloader\Autoloader->loadClass()
 7 SYSTEMPATH/CodeIgniter.php(877): class_exists()
 8 SYSTEMPATH/CodeIgniter.php(481): CodeIgniter\CodeIgniter->startController()
 9 SYSTEMPATH/CodeIgniter.php(353): CodeIgniter\CodeIgniter->handleRequest()
10 FCPATH/index.php(79): CodeIgniter\CodeIgniter->run()
CRITICAL - 2024-01-05 12:50:39 --> Class "App\Controllers\Aws\S3\S3Client" not found
in APPPATH/Controllers/TrackersController.php on line 20.
 1 SYSTEMPATH/CodeIgniter.php(919): App\Controllers\TrackersController->track()
 2 SYSTEMPATH/CodeIgniter.php(494): CodeIgniter\CodeIgniter->runController()
 3 SYSTEMPATH/CodeIgniter.php(353): CodeIgniter\CodeIgniter->handleRequest()
 4 FCPATH/index.php(79): CodeIgniter\CodeIgniter->run()
CRITICAL - 2024-01-05 12:51:18 --> Class "App\Controllers\Aws\S3\S3Client" not found
in APPPATH/Controllers/TrackersController.php on line 20.
 1 SYSTEMPATH/CodeIgniter.php(919): App\Controllers\TrackersController->track()
 2 SYSTEMPATH/CodeIgniter.php(494): CodeIgniter\CodeIgniter->runController()
 3 SYSTEMPATH/CodeIgniter.php(353): CodeIgniter\CodeIgniter->handleRequest()
 4 FCPATH/index.php(79): CodeIgniter\CodeIgniter->run()
CRITICAL - 2024-01-05 12:51:42 --> Class "App\Controllers\Aws\S3\S3Client" not found
in APPPATH/Controllers/TrackersController.php on line 20.
 1 SYSTEMPATH/CodeIgniter.php(919): App\Controllers\TrackersController->track()
 2 SYSTEMPATH/CodeIgniter.php(494): CodeIgniter\CodeIgniter->runController()
 3 SYSTEMPATH/CodeIgniter.php(353): CodeIgniter\CodeIgniter->handleRequest()
 4 FCPATH/index.php(79): CodeIgniter\CodeIgniter->run()
CRITICAL - 2024-01-05 12:51:44 --> Class "App\Controllers\Aws\S3\S3Client" not found
in APPPATH/Controllers/TrackersController.php on line 20.
 1 SYSTEMPATH/CodeIgniter.php(919): App\Controllers\TrackersController->track()
 2 SYSTEMPATH/CodeIgniter.php(494): CodeIgniter\CodeIgniter->runController()
 3 SYSTEMPATH/CodeIgniter.php(353): CodeIgniter\CodeIgniter->handleRequest()
 4 FCPATH/index.php(79): CodeIgniter\CodeIgniter->run()
CRITICAL - 2024-01-05 12:52:02 --> require(vendor/autoload.php): Failed to open stream: No such file or directory
in APPPATH/Controllers/TrackersController.php on line 8.
 1 APPPATH/Controllers/TrackersController.php(8): CodeIgniter\Debug\Exceptions->errorHandler()
 2 APPPATH/Controllers/TrackersController.php(8): require()
 3 SYSTEMPATH/Autoloader/Autoloader.php(306): include_once('/app/backend/app/Controllers/TrackersController.php')
 4 SYSTEMPATH/Autoloader/Autoloader.php(285): CodeIgniter\Autoloader\Autoloader->includeFile()
 5 SYSTEMPATH/Autoloader/Autoloader.php(263): CodeIgniter\Autoloader\Autoloader->loadInNamespace()
 6 [internal function]: CodeIgniter\Autoloader\Autoloader->loadClass()
 7 SYSTEMPATH/CodeIgniter.php(877): class_exists()
 8 SYSTEMPATH/CodeIgniter.php(481): CodeIgniter\CodeIgniter->startController()
 9 SYSTEMPATH/CodeIgniter.php(353): CodeIgniter\CodeIgniter->handleRequest()
10 FCPATH/index.php(79): CodeIgniter\CodeIgniter->run()
CRITICAL - 2024-01-05 12:52:09 --> Class "App\Controllers\Aws\S3\S3Client" not found
in APPPATH/Controllers/TrackersController.php on line 20.
 1 SYSTEMPATH/CodeIgniter.php(919): App\Controllers\TrackersController->track()
 2 SYSTEMPATH/CodeIgniter.php(494): CodeIgniter\CodeIgniter->runController()
 3 SYSTEMPATH/CodeIgniter.php(353): CodeIgniter\CodeIgniter->handleRequest()
 4 FCPATH/index.php(79): CodeIgniter\CodeIgniter->run()
CRITICAL - 2024-01-05 12:52:18 --> Class "App\Controllers\Aws\S3\S3Client" not found
in APPPATH/Controllers/TrackersController.php on line 20.
 1 SYSTEMPATH/CodeIgniter.php(919): App\Controllers\TrackersController->track()
 2 SYSTEMPATH/CodeIgniter.php(494): CodeIgniter\CodeIgniter->runController()
 3 SYSTEMPATH/CodeIgniter.php(353): CodeIgniter\CodeIgniter->handleRequest()
 4 FCPATH/index.php(79): CodeIgniter\CodeIgniter->run()
CRITICAL - 2024-01-05 12:53:18 --> Class "App\Controllers\Aws\S3\S3Client" not found
in APPPATH/Controllers/TrackersController.php on line 20.
 1 SYSTEMPATH/CodeIgniter.php(919): App\Controllers\TrackersController->track()
 2 SYSTEMPATH/CodeIgniter.php(494): CodeIgniter\CodeIgniter->runController()
 3 SYSTEMPATH/CodeIgniter.php(353): CodeIgniter\CodeIgniter->handleRequest()
 4 FCPATH/index.php(79): CodeIgniter\CodeIgniter->run()
CRITICAL - 2024-01-05 12:54:18 --> Class "App\Controllers\Aws\S3\S3Client" not found
in APPPATH/Controllers/TrackersController.php on line 20.
 1 SYSTEMPATH/CodeIgniter.php(919): App\Controllers\TrackersController->track()
 2 SYSTEMPATH/CodeIgniter.php(494): CodeIgniter\CodeIgniter->runController()
 3 SYSTEMPATH/CodeIgniter.php(353): CodeIgniter\CodeIgniter->handleRequest()
 4 FCPATH/index.php(79): CodeIgniter\CodeIgniter->run()
CRITICAL - 2024-01-05 12:54:28 --> require(vendor/autoload.php): Failed to open stream: No such file or directory
in APPPATH/Controllers/TrackersController.php on line 8.
 1 APPPATH/Controllers/TrackersController.php(8): CodeIgniter\Debug\Exceptions->errorHandler()
 2 APPPATH/Controllers/TrackersController.php(8): require()
 3 SYSTEMPATH/Autoloader/Autoloader.php(306): include_once('/app/backend/app/Controllers/TrackersController.php')
 4 SYSTEMPATH/Autoloader/Autoloader.php(285): CodeIgniter\Autoloader\Autoloader->includeFile()
 5 SYSTEMPATH/Autoloader/Autoloader.php(263): CodeIgniter\Autoloader\Autoloader->loadInNamespace()
 6 [internal function]: CodeIgniter\Autoloader\Autoloader->loadClass()
 7 SYSTEMPATH/CodeIgniter.php(877): class_exists()
 8 SYSTEMPATH/CodeIgniter.php(481): CodeIgniter\CodeIgniter->startController()
 9 SYSTEMPATH/CodeIgniter.php(353): CodeIgniter\CodeIgniter->handleRequest()
10 FCPATH/index.php(79): CodeIgniter\CodeIgniter->run()
CRITICAL - 2024-01-05 12:55:18 --> require(vendor/autoload.php): Failed to open stream: No such file or directory
in APPPATH/Controllers/TrackersController.php on line 8.
 1 APPPATH/Controllers/TrackersController.php(8): CodeIgniter\Debug\Exceptions->errorHandler()
 2 APPPATH/Controllers/TrackersController.php(8): require()
 3 SYSTEMPATH/Autoloader/Autoloader.php(306): include_once('/app/backend/app/Controllers/TrackersController.php')
 4 SYSTEMPATH/Autoloader/Autoloader.php(285): CodeIgniter\Autoloader\Autoloader->includeFile()
 5 SYSTEMPATH/Autoloader/Autoloader.php(263): CodeIgniter\Autoloader\Autoloader->loadInNamespace()
 6 [internal function]: CodeIgniter\Autoloader\Autoloader->loadClass()
 7 SYSTEMPATH/CodeIgniter.php(877): class_exists()
 8 SYSTEMPATH/CodeIgniter.php(481): CodeIgniter\CodeIgniter->startController()
 9 SYSTEMPATH/CodeIgniter.php(353): CodeIgniter\CodeIgniter->handleRequest()
10 FCPATH/index.php(79): CodeIgniter\CodeIgniter->run()
CRITICAL - 2024-01-05 12:56:18 --> require(vendor/autoload.php): Failed to open stream: No such file or directory
in APPPATH/Controllers/TrackersController.php on line 8.
 1 APPPATH/Controllers/TrackersController.php(8): CodeIgniter\Debug\Exceptions->errorHandler()
 2 APPPATH/Controllers/TrackersController.php(8): require()
 3 SYSTEMPATH/Autoloader/Autoloader.php(306): include_once('/app/backend/app/Controllers/TrackersController.php')
 4 SYSTEMPATH/Autoloader/Autoloader.php(285): CodeIgniter\Autoloader\Autoloader->includeFile()
 5 SYSTEMPATH/Autoloader/Autoloader.php(263): CodeIgniter\Autoloader\Autoloader->loadInNamespace()
 6 [internal function]: CodeIgniter\Autoloader\Autoloader->loadClass()
 7 SYSTEMPATH/CodeIgniter.php(877): class_exists()
 8 SYSTEMPATH/CodeIgniter.php(481): CodeIgniter\CodeIgniter->startController()
 9 SYSTEMPATH/CodeIgniter.php(353): CodeIgniter\CodeIgniter->handleRequest()
10 FCPATH/index.php(79): CodeIgniter\CodeIgniter->run()
CRITICAL - 2024-01-05 13:04:18 --> Unable to open "/tracker" using mode "r": fopen(/tracker): Failed to open stream: No such file or directory
in VENDORPATH/guzzlehttp/psr7/src/Utils.php on line 361.
 1 [internal function]: GuzzleHttp\Psr7\Utils::GuzzleHttp\Psr7\{closure}()
 2 VENDORPATH/guzzlehttp/psr7/src/Utils.php(373): fopen()
 3 VENDORPATH/guzzlehttp/psr7/src/LazyOpenStream.php(47): GuzzleHttp\Psr7\Utils::tryFopen()
 4 VENDORPATH/guzzlehttp/psr7/src/StreamDecoratorTrait.php(33): GuzzleHttp\Psr7\LazyOpenStream->createStream()
 5 VENDORPATH/guzzlehttp/psr7/src/StreamDecoratorTrait.php(89): GuzzleHttp\Psr7\LazyOpenStream->__get()
 6 VENDORPATH/aws/aws-sdk-php/src/Middleware.php(260): GuzzleHttp\Psr7\LazyOpenStream->getMetadata()
 7 VENDORPATH/aws/aws-sdk-php/src/S3/ApplyChecksumMiddleware.php(124): Aws\Middleware::Aws\{closure}()
 8 VENDORPATH/aws/aws-sdk-php/src/Middleware.php(307): Aws\S3\ApplyChecksumMiddleware->__invoke()
 9 VENDORPATH/aws/aws-sdk-php/src/RequestCompressionMiddleware.php(64): Aws\Middleware::Aws\{closure}()
10 VENDORPATH/aws/aws-sdk-php/src/EndpointParameterMiddleware.php(87): Aws\RequestCompressionMiddleware->__invoke()
11 VENDORPATH/aws/aws-sdk-php/src/ClientResolver.php(1000): Aws\EndpointParameterMiddleware->__invoke()
12 VENDORPATH/aws/aws-sdk-php/src/ClientSideMonitoring/AbstractMonitoringMiddleware.php(126): Aws\ClientResolver::Aws\{closure}()
13 VENDORPATH/aws/aws-sdk-php/src/S3/S3Client.php(708): Aws\ClientSideMonitoring\AbstractMonitoringMiddleware->__invoke()
14 VENDORPATH/aws/aws-sdk-php/src/Middleware.php(108): Aws\S3\S3Client::Aws\S3\{closure}()
15 VENDORPATH/aws/aws-sdk-php/src/EndpointV2/EndpointV2Middleware.php(100): Aws\Middleware::Aws\{closure}()
16 VENDORPATH/aws/aws-sdk-php/src/InputValidationMiddleware.php(73): Aws\EndpointV2\EndpointV2Middleware->__invoke()
17 VENDORPATH/aws/aws-sdk-php/src/Middleware.php(90): Aws\InputValidationMiddleware->__invoke()
18 VENDORPATH/aws/aws-sdk-php/src/S3/S3Client.php(631): Aws\Middleware::Aws\{closure}()
19 VENDORPATH/aws/aws-sdk-php/src/S3/S3Client.php(654): Aws\S3\S3Client::Aws\S3\{closure}()
20 VENDORPATH/aws/aws-sdk-php/src/S3/S3Client.php(588): Aws\S3\S3Client::Aws\S3\{closure}()
21 VENDORPATH/aws/aws-sdk-php/src/S3/S3Client.php(607): Aws\S3\S3Client::Aws\S3\{closure}()
22 VENDORPATH/aws/aws-sdk-php/src/Middleware.php(58): Aws\S3\S3Client::Aws\S3\{closure}()
23 VENDORPATH/aws/aws-sdk-php/src/S3/SSECMiddleware.php(59): Aws\Middleware::Aws\{closure}()
24 VENDORPATH/aws/aws-sdk-php/src/IdempotencyTokenMiddleware.php(77): Aws\S3\SSECMiddleware->__invoke()
25 VENDORPATH/aws/aws-sdk-php/src/AwsClientTrait.php(64): Aws\IdempotencyTokenMiddleware->__invoke()
26 VENDORPATH/aws/aws-sdk-php/src/AwsClientTrait.php(58): Aws\AwsClient->executeAsync()
27 VENDORPATH/aws/aws-sdk-php/src/AwsClientTrait.php(86): Aws\AwsClient->execute()
28 APPPATH/Controllers/TrackersController.php(62): Aws\AwsClient->__call()
29 SYSTEMPATH/CodeIgniter.php(919): App\Controllers\TrackersController->track()
30 SYSTEMPATH/CodeIgniter.php(494): CodeIgniter\CodeIgniter->runController()
31 SYSTEMPATH/CodeIgniter.php(353): CodeIgniter\CodeIgniter->handleRequest()
32 FCPATH/index.php(79): CodeIgniter\CodeIgniter->run()
CRITICAL - 2024-01-05 13:04:46 --> Unable to open "/tracker" using mode "r": fopen(/tracker): Failed to open stream: No such file or directory
in VENDORPATH/guzzlehttp/psr7/src/Utils.php on line 361.
 1 [internal function]: GuzzleHttp\Psr7\Utils::GuzzleHttp\Psr7\{closure}()
 2 VENDORPATH/guzzlehttp/psr7/src/Utils.php(373): fopen()
 3 VENDORPATH/guzzlehttp/psr7/src/LazyOpenStream.php(47): GuzzleHttp\Psr7\Utils::tryFopen()
 4 VENDORPATH/guzzlehttp/psr7/src/StreamDecoratorTrait.php(33): GuzzleHttp\Psr7\LazyOpenStream->createStream()
 5 VENDORPATH/guzzlehttp/psr7/src/StreamDecoratorTrait.php(89): GuzzleHttp\Psr7\LazyOpenStream->__get()
 6 VENDORPATH/aws/aws-sdk-php/src/Middleware.php(260): GuzzleHttp\Psr7\LazyOpenStream->getMetadata()
 7 VENDORPATH/aws/aws-sdk-php/src/S3/ApplyChecksumMiddleware.php(124): Aws\Middleware::Aws\{closure}()
 8 VENDORPATH/aws/aws-sdk-php/src/Middleware.php(307): Aws\S3\ApplyChecksumMiddleware->__invoke()
 9 VENDORPATH/aws/aws-sdk-php/src/RequestCompressionMiddleware.php(64): Aws\Middleware::Aws\{closure}()
10 VENDORPATH/aws/aws-sdk-php/src/EndpointParameterMiddleware.php(87): Aws\RequestCompressionMiddleware->__invoke()
11 VENDORPATH/aws/aws-sdk-php/src/ClientResolver.php(1000): Aws\EndpointParameterMiddleware->__invoke()
12 VENDORPATH/aws/aws-sdk-php/src/ClientSideMonitoring/AbstractMonitoringMiddleware.php(126): Aws\ClientResolver::Aws\{closure}()
13 VENDORPATH/aws/aws-sdk-php/src/S3/S3Client.php(708): Aws\ClientSideMonitoring\AbstractMonitoringMiddleware->__invoke()
14 VENDORPATH/aws/aws-sdk-php/src/Middleware.php(108): Aws\S3\S3Client::Aws\S3\{closure}()
15 VENDORPATH/aws/aws-sdk-php/src/EndpointV2/EndpointV2Middleware.php(100): Aws\Middleware::Aws\{closure}()
16 VENDORPATH/aws/aws-sdk-php/src/InputValidationMiddleware.php(73): Aws\EndpointV2\EndpointV2Middleware->__invoke()
17 VENDORPATH/aws/aws-sdk-php/src/Middleware.php(90): Aws\InputValidationMiddleware->__invoke()
18 VENDORPATH/aws/aws-sdk-php/src/S3/S3Client.php(631): Aws\Middleware::Aws\{closure}()
19 VENDORPATH/aws/aws-sdk-php/src/S3/S3Client.php(654): Aws\S3\S3Client::Aws\S3\{closure}()
20 VENDORPATH/aws/aws-sdk-php/src/S3/S3Client.php(588): Aws\S3\S3Client::Aws\S3\{closure}()
21 VENDORPATH/aws/aws-sdk-php/src/S3/S3Client.php(607): Aws\S3\S3Client::Aws\S3\{closure}()
22 VENDORPATH/aws/aws-sdk-php/src/Middleware.php(58): Aws\S3\S3Client::Aws\S3\{closure}()
23 VENDORPATH/aws/aws-sdk-php/src/S3/SSECMiddleware.php(59): Aws\Middleware::Aws\{closure}()
24 VENDORPATH/aws/aws-sdk-php/src/IdempotencyTokenMiddleware.php(77): Aws\S3\SSECMiddleware->__invoke()
25 VENDORPATH/aws/aws-sdk-php/src/AwsClientTrait.php(64): Aws\IdempotencyTokenMiddleware->__invoke()
26 VENDORPATH/aws/aws-sdk-php/src/AwsClientTrait.php(58): Aws\AwsClient->executeAsync()
27 VENDORPATH/aws/aws-sdk-php/src/AwsClientTrait.php(86): Aws\AwsClient->execute()
28 APPPATH/Controllers/TrackersController.php(62): Aws\AwsClient->__call()
29 SYSTEMPATH/CodeIgniter.php(919): App\Controllers\TrackersController->track()
30 SYSTEMPATH/CodeIgniter.php(494): CodeIgniter\CodeIgniter->runController()
31 SYSTEMPATH/CodeIgniter.php(353): CodeIgniter\CodeIgniter->handleRequest()
32 FCPATH/index.php(79): CodeIgniter\CodeIgniter->run()
CRITICAL - 2024-01-05 13:35:24 --> Unsupported operand types: string + string
in APPPATH/Controllers/TrackersController.php on line 56.
 1 SYSTEMPATH/CodeIgniter.php(919): App\Controllers\TrackersController->track()
 2 SYSTEMPATH/CodeIgniter.php(494): CodeIgniter\CodeIgniter->runController()
 3 SYSTEMPATH/CodeIgniter.php(353): CodeIgniter\CodeIgniter->handleRequest()
 4 FCPATH/index.php(79): CodeIgniter\CodeIgniter->run()
CRITICAL - 2024-01-05 19:07:44 --> Error executing "PutObject" on "https://clockify.s3.tebi.io/tracker/1704481210_f60eaf5428516fc7079f.png"; AWS HTTP error: cURL error 7: Failed to connect to clockify.s3.tebi.io port 443: Connection refused (see https://curl.haxx.se/libcurl/c/libcurl-errors.html) for https://clockify.s3.tebi.io/tracker/1704481210_f60eaf5428516fc7079f.png
in VENDORPATH/aws/aws-sdk-php/src/WrappedHttpHandler.php on line 196.
 1 VENDORPATH/aws/aws-sdk-php/src/WrappedHttpHandler.php(98): Aws\WrappedHttpHandler->parseError()
 2 VENDORPATH/guzzlehttp/promises/src/Promise.php(209): Aws\WrappedHttpHandler->Aws\{closure}()
 3 VENDORPATH/guzzlehttp/promises/src/Promise.php(174): GuzzleHttp\Promise\Promise::callHandler()
 4 VENDORPATH/guzzlehttp/promises/src/RejectedPromise.php(49): GuzzleHttp\Promise\Promise::GuzzleHttp\Promise\{closure}()
 5 VENDORPATH/guzzlehttp/promises/src/TaskQueue.php(52): GuzzleHttp\Promise\RejectedPromise::GuzzleHttp\Promise\{closure}()
 6 VENDORPATH/guzzlehttp/guzzle/src/Handler/CurlMultiHandler.php(163): GuzzleHttp\Promise\TaskQueue->run()
 7 VENDORPATH/guzzlehttp/guzzle/src/Handler/CurlMultiHandler.php(189): GuzzleHttp\Handler\CurlMultiHandler->tick()
 8 VENDORPATH/guzzlehttp/promises/src/Promise.php(251): GuzzleHttp\Handler\CurlMultiHandler->execute()
 9 VENDORPATH/guzzlehttp/promises/src/Promise.php(227): GuzzleHttp\Promise\Promise->invokeWaitFn()
10 VENDORPATH/guzzlehttp/promises/src/Promise.php(272): GuzzleHttp\Promise\Promise->waitIfPending()
11 VENDORPATH/guzzlehttp/promises/src/Promise.php(229): GuzzleHttp\Promise\Promise->invokeWaitList()
12 VENDORPATH/guzzlehttp/promises/src/Promise.php(272): GuzzleHttp\Promise\Promise->waitIfPending()
13 VENDORPATH/guzzlehttp/promises/src/Promise.php(229): GuzzleHttp\Promise\Promise->invokeWaitList()
14 VENDORPATH/guzzlehttp/promises/src/Promise.php(69): GuzzleHttp\Promise\Promise->waitIfPending()
15 VENDORPATH/aws/aws-sdk-php/src/AwsClientTrait.php(58): GuzzleHttp\Promise\Promise->wait()
16 VENDORPATH/aws/aws-sdk-php/src/AwsClientTrait.php(86): Aws\AwsClient->execute()
17 APPPATH/Controllers/TrackersController.php(61): Aws\AwsClient->__call()
18 SYSTEMPATH/CodeIgniter.php(919): App\Controllers\TrackersController->track()
19 SYSTEMPATH/CodeIgniter.php(494): CodeIgniter\CodeIgniter->runController()
20 SYSTEMPATH/CodeIgniter.php(353): CodeIgniter\CodeIgniter->handleRequest()
21 FCPATH/index.php(79): CodeIgniter\CodeIgniter->run()
CRITICAL - 2024-01-05 19:32:23 --> Error executing "PutObject" on "https://clockify.s3.tebi.io/tracker/1704482679_7ab2c5341ec74a92cf90.png"; AWS HTTP error: cURL error 7: Failed to connect to clockify.s3.tebi.io port 443: Connection refused (see https://curl.haxx.se/libcurl/c/libcurl-errors.html) for https://clockify.s3.tebi.io/tracker/1704482679_7ab2c5341ec74a92cf90.png
in VENDORPATH/aws/aws-sdk-php/src/WrappedHttpHandler.php on line 196.
 1 VENDORPATH/aws/aws-sdk-php/src/WrappedHttpHandler.php(98): Aws\WrappedHttpHandler->parseError()
 2 VENDORPATH/guzzlehttp/promises/src/Promise.php(209): Aws\WrappedHttpHandler->Aws\{closure}()
 3 VENDORPATH/guzzlehttp/promises/src/Promise.php(174): GuzzleHttp\Promise\Promise::callHandler()
 4 VENDORPATH/guzzlehttp/promises/src/RejectedPromise.php(49): GuzzleHttp\Promise\Promise::GuzzleHttp\Promise\{closure}()
 5 VENDORPATH/guzzlehttp/promises/src/TaskQueue.php(52): GuzzleHttp\Promise\RejectedPromise::GuzzleHttp\Promise\{closure}()
 6 VENDORPATH/guzzlehttp/guzzle/src/Handler/CurlMultiHandler.php(163): GuzzleHttp\Promise\TaskQueue->run()
 7 VENDORPATH/guzzlehttp/guzzle/src/Handler/CurlMultiHandler.php(189): GuzzleHttp\Handler\CurlMultiHandler->tick()
 8 VENDORPATH/guzzlehttp/promises/src/Promise.php(251): GuzzleHttp\Handler\CurlMultiHandler->execute()
 9 VENDORPATH/guzzlehttp/promises/src/Promise.php(227): GuzzleHttp\Promise\Promise->invokeWaitFn()
10 VENDORPATH/guzzlehttp/promises/src/Promise.php(272): GuzzleHttp\Promise\Promise->waitIfPending()
11 VENDORPATH/guzzlehttp/promises/src/Promise.php(229): GuzzleHttp\Promise\Promise->invokeWaitList()
12 VENDORPATH/guzzlehttp/promises/src/Promise.php(272): GuzzleHttp\Promise\Promise->waitIfPending()
13 VENDORPATH/guzzlehttp/promises/src/Promise.php(229): GuzzleHttp\Promise\Promise->invokeWaitList()
14 VENDORPATH/guzzlehttp/promises/src/Promise.php(69): GuzzleHttp\Promise\Promise->waitIfPending()
15 VENDORPATH/aws/aws-sdk-php/src/AwsClientTrait.php(58): GuzzleHttp\Promise\Promise->wait()
16 VENDORPATH/aws/aws-sdk-php/src/AwsClientTrait.php(86): Aws\AwsClient->execute()
17 APPPATH/Controllers/TrackersController.php(60): Aws\AwsClient->__call()
18 SYSTEMPATH/CodeIgniter.php(919): App\Controllers\TrackersController->track()
19 SYSTEMPATH/CodeIgniter.php(494): CodeIgniter\CodeIgniter->runController()
20 SYSTEMPATH/CodeIgniter.php(353): CodeIgniter\CodeIgniter->handleRequest()
21 FCPATH/index.php(79): CodeIgniter\CodeIgniter->run()
CRITICAL - 2024-01-05 19:39:56 --> Error executing "PutObject" on "https://clockify.s3.tebi.io/tracker/1704483143_040a042c1f37c0b95707.png"; AWS HTTP error: cURL error 7: Failed to connect to clockify.s3.tebi.io port 443: Connection refused (see https://curl.haxx.se/libcurl/c/libcurl-errors.html) for https://clockify.s3.tebi.io/tracker/1704483143_040a042c1f37c0b95707.png
in VENDORPATH/aws/aws-sdk-php/src/WrappedHttpHandler.php on line 196.
 1 VENDORPATH/aws/aws-sdk-php/src/WrappedHttpHandler.php(98): Aws\WrappedHttpHandler->parseError()
 2 VENDORPATH/guzzlehttp/promises/src/Promise.php(209): Aws\WrappedHttpHandler->Aws\{closure}()
 3 VENDORPATH/guzzlehttp/promises/src/Promise.php(174): GuzzleHttp\Promise\Promise::callHandler()
 4 VENDORPATH/guzzlehttp/promises/src/RejectedPromise.php(49): GuzzleHttp\Promise\Promise::GuzzleHttp\Promise\{closure}()
 5 VENDORPATH/guzzlehttp/promises/src/TaskQueue.php(52): GuzzleHttp\Promise\RejectedPromise::GuzzleHttp\Promise\{closure}()
 6 VENDORPATH/guzzlehttp/guzzle/src/Handler/CurlMultiHandler.php(163): GuzzleHttp\Promise\TaskQueue->run()
 7 VENDORPATH/guzzlehttp/guzzle/src/Handler/CurlMultiHandler.php(189): GuzzleHttp\Handler\CurlMultiHandler->tick()
 8 VENDORPATH/guzzlehttp/promises/src/Promise.php(251): GuzzleHttp\Handler\CurlMultiHandler->execute()
 9 VENDORPATH/guzzlehttp/promises/src/Promise.php(227): GuzzleHttp\Promise\Promise->invokeWaitFn()
10 VENDORPATH/guzzlehttp/promises/src/Promise.php(272): GuzzleHttp\Promise\Promise->waitIfPending()
11 VENDORPATH/guzzlehttp/promises/src/Promise.php(229): GuzzleHttp\Promise\Promise->invokeWaitList()
12 VENDORPATH/guzzlehttp/promises/src/Promise.php(272): GuzzleHttp\Promise\Promise->waitIfPending()
13 VENDORPATH/guzzlehttp/promises/src/Promise.php(229): GuzzleHttp\Promise\Promise->invokeWaitList()
14 VENDORPATH/guzzlehttp/promises/src/Promise.php(69): GuzzleHttp\Promise\Promise->waitIfPending()
15 VENDORPATH/aws/aws-sdk-php/src/AwsClientTrait.php(58): GuzzleHttp\Promise\Promise->wait()
16 VENDORPATH/aws/aws-sdk-php/src/AwsClientTrait.php(86): Aws\AwsClient->execute()
17 APPPATH/Controllers/TrackersController.php(60): Aws\AwsClient->__call()
18 SYSTEMPATH/CodeIgniter.php(919): App\Controllers\TrackersController->track()
19 SYSTEMPATH/CodeIgniter.php(494): CodeIgniter\CodeIgniter->runController()
20 SYSTEMPATH/CodeIgniter.php(353): CodeIgniter\CodeIgniter->handleRequest()
21 FCPATH/index.php(79): CodeIgniter\CodeIgniter->run()
