CRITICAL - 2024-01-06 06:50:49 --> Error executing "PutObject" on "https://clockify.s3.tebi.io/tracker/1704523395_286eae36e8d9b5a70a1c.png"; AWS HTTP error: cURL error 7: Failed to connect to clockify.s3.tebi.io port 443: Connection refused (see https://curl.haxx.se/libcurl/c/libcurl-errors.html) for https://clockify.s3.tebi.io/tracker/1704523395_286eae36e8d9b5a70a1c.png
in VENDORPATH/aws/aws-sdk-php/src/WrappedHttpHandler.php on line 196.
 1 VENDORPATH/aws/aws-sdk-php/src/WrappedHttpHandler.php(98): Aws\WrappedHttpHandler->parseError()
 2 VENDORPATH/guzzlehttp/promises/src/Promise.php(209): Aws\WrappedHttpHandler->Aws\{closure}()
 3 VENDORPATH/guzzlehttp/promises/src/Promise.php(174): GuzzleHttp\Promise\Promise::callHandler()
 4 VENDORPATH/guzzlehttp/promises/src/RejectedPromise.php(49): GuzzleHttp\Promise\Promise::GuzzleHttp\Promise\{closure}()
 5 VENDORPATH/guzzlehttp/promises/src/TaskQueue.php(52): GuzzleHttp\Promise\RejectedPromise::GuzzleHttp\Promise\{closure}()
 6 VENDORPATH/guzzlehttp/guzzle/src/Handler/CurlMultiHandler.php(163): GuzzleHttp\Promise\TaskQueue->run()
 7 VENDORPATH/guzzlehttp/guzzle/src/Handler/CurlMultiHandler.php(189): GuzzleHttp\Handler\CurlMultiHandler->tick()
 8 VENDORPATH/guzzlehttp/promises/src/Promise.php(251): GuzzleHttp\Handler\CurlMultiHandler->execute()
 9 VENDORPATH/guzzlehttp/promises/src/Promise.php(227): GuzzleHttp\Promise\Promise->invokeWaitFn()
10 VENDORPATH/guzzlehttp/promises/src/Promise.php(272): GuzzleHttp\Promise\Promise->waitIfPending()
11 VENDORPATH/guzzlehttp/promises/src/Promise.php(229): GuzzleHttp\Promise\Promise->invokeWaitList()
12 VENDORPATH/guzzlehttp/promises/src/Promise.php(272): GuzzleHttp\Promise\Promise->waitIfPending()
13 VENDORPATH/guzzlehttp/promises/src/Promise.php(229): GuzzleHttp\Promise\Promise->invokeWaitList()
14 VENDORPATH/guzzlehttp/promises/src/Promise.php(69): GuzzleHttp\Promise\Promise->waitIfPending()
15 VENDORPATH/aws/aws-sdk-php/src/AwsClientTrait.php(58): GuzzleHttp\Promise\Promise->wait()
16 VENDORPATH/aws/aws-sdk-php/src/AwsClientTrait.php(86): Aws\AwsClient->execute()
17 APPPATH/Controllers/TrackersController.php(60): Aws\AwsClient->__call()
18 SYSTEMPATH/CodeIgniter.php(919): App\Controllers\TrackersController->track()
19 SYSTEMPATH/CodeIgniter.php(494): CodeIgniter\CodeIgniter->runController()
20 SYSTEMPATH/CodeIgniter.php(353): CodeIgniter\CodeIgniter->handleRequest()
21 FCPATH/index.php(79): CodeIgniter\CodeIgniter->run()
CRITICAL - 2024-01-06 06:58:22 --> Error executing "PutObject" on "https://clockify.s3.tebi.io/tracker/1704523849_73c41d00cb63595accee.png"; AWS HTTP error: cURL error 7: Failed to connect to clockify.s3.tebi.io port 443: Connection refused (see https://curl.haxx.se/libcurl/c/libcurl-errors.html) for https://clockify.s3.tebi.io/tracker/1704523849_73c41d00cb63595accee.png
in VENDORPATH/aws/aws-sdk-php/src/WrappedHttpHandler.php on line 196.
 1 VENDORPATH/aws/aws-sdk-php/src/WrappedHttpHandler.php(98): Aws\WrappedHttpHandler->parseError()
 2 VENDORPATH/guzzlehttp/promises/src/Promise.php(209): Aws\WrappedHttpHandler->Aws\{closure}()
 3 VENDORPATH/guzzlehttp/promises/src/Promise.php(174): GuzzleHttp\Promise\Promise::callHandler()
 4 VENDORPATH/guzzlehttp/promises/src/RejectedPromise.php(49): GuzzleHttp\Promise\Promise::GuzzleHttp\Promise\{closure}()
 5 VENDORPATH/guzzlehttp/promises/src/TaskQueue.php(52): GuzzleHttp\Promise\RejectedPromise::GuzzleHttp\Promise\{closure}()
 6 VENDORPATH/guzzlehttp/guzzle/src/Handler/CurlMultiHandler.php(163): GuzzleHttp\Promise\TaskQueue->run()
 7 VENDORPATH/guzzlehttp/guzzle/src/Handler/CurlMultiHandler.php(189): GuzzleHttp\Handler\CurlMultiHandler->tick()
 8 VENDORPATH/guzzlehttp/promises/src/Promise.php(251): GuzzleHttp\Handler\CurlMultiHandler->execute()
 9 VENDORPATH/guzzlehttp/promises/src/Promise.php(227): GuzzleHttp\Promise\Promise->invokeWaitFn()
10 VENDORPATH/guzzlehttp/promises/src/Promise.php(272): GuzzleHttp\Promise\Promise->waitIfPending()
11 VENDORPATH/guzzlehttp/promises/src/Promise.php(229): GuzzleHttp\Promise\Promise->invokeWaitList()
12 VENDORPATH/guzzlehttp/promises/src/Promise.php(272): GuzzleHttp\Promise\Promise->waitIfPending()
13 VENDORPATH/guzzlehttp/promises/src/Promise.php(229): GuzzleHttp\Promise\Promise->invokeWaitList()
14 VENDORPATH/guzzlehttp/promises/src/Promise.php(69): GuzzleHttp\Promise\Promise->waitIfPending()
15 VENDORPATH/aws/aws-sdk-php/src/AwsClientTrait.php(58): GuzzleHttp\Promise\Promise->wait()
16 VENDORPATH/aws/aws-sdk-php/src/AwsClientTrait.php(86): Aws\AwsClient->execute()
17 APPPATH/Controllers/TrackersController.php(60): Aws\AwsClient->__call()
18 SYSTEMPATH/CodeIgniter.php(919): App\Controllers\TrackersController->track()
19 SYSTEMPATH/CodeIgniter.php(494): CodeIgniter\CodeIgniter->runController()
20 SYSTEMPATH/CodeIgniter.php(353): CodeIgniter\CodeIgniter->handleRequest()
21 FCPATH/index.php(79): CodeIgniter\CodeIgniter->run()
