ERROR - 2024-03-05 05:23:46 --> mysqli_sql_exception: Cannot add or update a child row: a foreign key constraint fails (`clockify_now`.`users`, CONSTRAINT `users_role_id_foreign` FOREIGN KEY (`role_id`) REFERENCES `roles` (`id`)) in /app/backend/system/Database/MySQLi/Connection.php:306
Stack trace:
#0 /app/backend/system/Database/MySQLi/Connection.php(306): mysqli->query()
#1 /app/backend/system/Database/BaseConnection.php(692): CodeIgniter\Database\MySQLi\Connection->execute()
#2 /app/backend/system/Database/BaseConnection.php(606): CodeIgniter\Database\BaseConnection->simpleQuery()
#3 /app/backend/system/Database/BaseBuilder.php(2308): CodeIgniter\Database\BaseConnection->query()
#4 /app/backend/app/Controllers/UsersController.php(92): CodeIgniter\Database\BaseBuilder->insert()
#5 /app/backend/system/CodeIgniter.php(919): App\Controllers\UsersController->register()
#6 /app/backend/system/CodeIgniter.php(494): CodeIgniter\CodeIgniter->runController()
#7 /app/backend/system/CodeIgniter.php(353): CodeIgniter\CodeIgniter->handleRequest()
#8 /app/backend/public/index.php(79): CodeIgniter\CodeIgniter->run()
#9 {main}
CRITICAL - 2024-03-05 05:23:46 --> Cannot add or update a child row: a foreign key constraint fails (`clockify_now`.`users`, CONSTRAINT `users_role_id_foreign` FOREIGN KEY (`role_id`) REFERENCES `roles` (`id`))
in SYSTEMPATH/Database/BaseConnection.php on line 646.
 1 SYSTEMPATH/Database/BaseBuilder.php(2308): CodeIgniter\Database\BaseConnection->query()
 2 APPPATH/Controllers/UsersController.php(92): CodeIgniter\Database\BaseBuilder->insert()
 3 SYSTEMPATH/CodeIgniter.php(919): App\Controllers\UsersController->register()
 4 SYSTEMPATH/CodeIgniter.php(494): CodeIgniter\CodeIgniter->runController()
 5 SYSTEMPATH/CodeIgniter.php(353): CodeIgniter\CodeIgniter->handleRequest()
 6 FCPATH/index.php(79): CodeIgniter\CodeIgniter->run()
