CRITICAL - 2024-03-15 17:52:10 --> Cannot instantiate abstract class App\Controllers\BaseController
in SYSTEMPATH/CodeIgniter.php on line 891.
 1 SYSTEMPATH/CodeIgniter.php(485): CodeIgniter\CodeIgniter->createController()
 2 SYSTEMPATH/CodeIgniter.php(353): CodeIgniter\CodeIgniter->handleRequest()
 3 FCPATH/index.php(87): CodeIgniter\CodeIgniter->run()
CRITICAL - 2024-03-15 17:52:11 --> Cannot instantiate abstract class App\Controllers\BaseController
in SYSTEMPATH/CodeIgniter.php on line 891.
 1 SYSTEMPATH/CodeIgniter.php(485): CodeIgniter\CodeIgniter->createController()
 2 SYSTEMPATH/CodeIgniter.php(353): CodeIgniter\CodeIgniter->handleRequest()
 3 FCPATH/index.php(87): CodeIgniter\CodeIgniter->run()
CRITICAL - 2024-03-15 17:52:14 --> Cannot instantiate abstract class App\Controllers\BaseController
in SYSTEMPATH/CodeIgniter.php on line 891.
 1 SYSTEMPATH/CodeIgniter.php(485): CodeIgniter\CodeIgniter->createController()
 2 SYSTEMPATH/CodeIgniter.php(353): CodeIgniter\CodeIgniter->handleRequest()
 3 FCPATH/index.php(87): CodeIgniter\CodeIgniter->run()
CRITICAL - 2024-03-15 17:52:18 --> Cannot instantiate abstract class App\Controllers\BaseController
in SYSTEMPATH/CodeIgniter.php on line 891.
 1 SYSTEMPATH/CodeIgniter.php(485): CodeIgniter\CodeIgniter->createController()
 2 SYSTEMPATH/CodeIgniter.php(353): CodeIgniter\CodeIgniter->handleRequest()
 3 FCPATH/index.php(87): CodeIgniter\CodeIgniter->run()
CRITICAL - 2024-03-15 17:53:13 --> Cannot instantiate abstract class App\Controllers\BaseController
in SYSTEMPATH/CodeIgniter.php on line 891.
 1 SYSTEMPATH/CodeIgniter.php(485): CodeIgniter\CodeIgniter->createController()
 2 SYSTEMPATH/CodeIgniter.php(353): CodeIgniter\CodeIgniter->handleRequest()
 3 FCPATH/index.php(87): CodeIgniter\CodeIgniter->run()
CRITICAL - 2024-03-15 17:53:14 --> Cannot instantiate abstract class App\Controllers\BaseController
in SYSTEMPATH/CodeIgniter.php on line 891.
 1 SYSTEMPATH/CodeIgniter.php(485): CodeIgniter\CodeIgniter->createController()
 2 SYSTEMPATH/CodeIgniter.php(353): CodeIgniter\CodeIgniter->handleRequest()
 3 FCPATH/index.php(87): CodeIgniter\CodeIgniter->run()
CRITICAL - 2024-03-15 17:53:16 --> Cannot instantiate abstract class App\Controllers\BaseController
in SYSTEMPATH/CodeIgniter.php on line 891.
 1 SYSTEMPATH/CodeIgniter.php(485): CodeIgniter\CodeIgniter->createController()
 2 SYSTEMPATH/CodeIgniter.php(353): CodeIgniter\CodeIgniter->handleRequest()
 3 FCPATH/index.php(87): CodeIgniter\CodeIgniter->run()
CRITICAL - 2024-03-15 17:53:20 --> Cannot instantiate abstract class App\Controllers\BaseController
in SYSTEMPATH/CodeIgniter.php on line 891.
 1 SYSTEMPATH/CodeIgniter.php(485): CodeIgniter\CodeIgniter->createController()
 2 SYSTEMPATH/CodeIgniter.php(353): CodeIgniter\CodeIgniter->handleRequest()
 3 FCPATH/index.php(87): CodeIgniter\CodeIgniter->run()
CRITICAL - 2024-03-15 17:53:24 --> Cannot instantiate abstract class App\Controllers\BaseController
in SYSTEMPATH/CodeIgniter.php on line 891.
 1 SYSTEMPATH/CodeIgniter.php(485): CodeIgniter\CodeIgniter->createController()
 2 SYSTEMPATH/CodeIgniter.php(353): CodeIgniter\CodeIgniter->handleRequest()
 3 FCPATH/index.php(87): CodeIgniter\CodeIgniter->run()
CRITICAL - 2024-03-15 17:53:25 --> Cannot instantiate abstract class App\Controllers\BaseController
in SYSTEMPATH/CodeIgniter.php on line 891.
 1 SYSTEMPATH/CodeIgniter.php(485): CodeIgniter\CodeIgniter->createController()
 2 SYSTEMPATH/CodeIgniter.php(353): CodeIgniter\CodeIgniter->handleRequest()
 3 FCPATH/index.php(87): CodeIgniter\CodeIgniter->run()
CRITICAL - 2024-03-15 17:53:27 --> Cannot instantiate abstract class App\Controllers\BaseController
in SYSTEMPATH/CodeIgniter.php on line 891.
 1 SYSTEMPATH/CodeIgniter.php(485): CodeIgniter\CodeIgniter->createController()
 2 SYSTEMPATH/CodeIgniter.php(353): CodeIgniter\CodeIgniter->handleRequest()
 3 FCPATH/index.php(87): CodeIgniter\CodeIgniter->run()
CRITICAL - 2024-03-15 17:53:32 --> Cannot instantiate abstract class App\Controllers\BaseController
in SYSTEMPATH/CodeIgniter.php on line 891.
 1 SYSTEMPATH/CodeIgniter.php(485): CodeIgniter\CodeIgniter->createController()
 2 SYSTEMPATH/CodeIgniter.php(353): CodeIgniter\CodeIgniter->handleRequest()
 3 FCPATH/index.php(87): CodeIgniter\CodeIgniter->run()
CRITICAL - 2024-03-15 18:18:50 --> syntax error, unexpected token "return"
in APPPATH/Controllers/UserDashboardWidgetController.php on line 77.
 1 SYSTEMPATH/Autoloader/Autoloader.php(285): CodeIgniter\Autoloader\Autoloader->includeFile()
 2 SYSTEMPATH/Autoloader/Autoloader.php(263): CodeIgniter\Autoloader\Autoloader->loadInNamespace()
 3 [internal function]: CodeIgniter\Autoloader\Autoloader->loadClass()
 4 SYSTEMPATH/CodeIgniter.php(877): class_exists()
 5 SYSTEMPATH/CodeIgniter.php(481): CodeIgniter\CodeIgniter->startController()
 6 SYSTEMPATH/CodeIgniter.php(353): CodeIgniter\CodeIgniter->handleRequest()
 7 FCPATH/index.php(87): CodeIgniter\CodeIgniter->run()
CRITICAL - 2024-03-15 18:18:51 --> syntax error, unexpected token "return"
in APPPATH/Controllers/UserDashboardWidgetController.php on line 77.
 1 SYSTEMPATH/Autoloader/Autoloader.php(285): CodeIgniter\Autoloader\Autoloader->includeFile()
 2 SYSTEMPATH/Autoloader/Autoloader.php(263): CodeIgniter\Autoloader\Autoloader->loadInNamespace()
 3 [internal function]: CodeIgniter\Autoloader\Autoloader->loadClass()
 4 SYSTEMPATH/CodeIgniter.php(877): class_exists()
 5 SYSTEMPATH/CodeIgniter.php(481): CodeIgniter\CodeIgniter->startController()
 6 SYSTEMPATH/CodeIgniter.php(353): CodeIgniter\CodeIgniter->handleRequest()
 7 FCPATH/index.php(87): CodeIgniter\CodeIgniter->run()
CRITICAL - 2024-03-15 18:18:53 --> syntax error, unexpected token "return"
in APPPATH/Controllers/UserDashboardWidgetController.php on line 77.
 1 SYSTEMPATH/Autoloader/Autoloader.php(285): CodeIgniter\Autoloader\Autoloader->includeFile()
 2 SYSTEMPATH/Autoloader/Autoloader.php(263): CodeIgniter\Autoloader\Autoloader->loadInNamespace()
 3 [internal function]: CodeIgniter\Autoloader\Autoloader->loadClass()
 4 SYSTEMPATH/CodeIgniter.php(877): class_exists()
 5 SYSTEMPATH/CodeIgniter.php(481): CodeIgniter\CodeIgniter->startController()
 6 SYSTEMPATH/CodeIgniter.php(353): CodeIgniter\CodeIgniter->handleRequest()
 7 FCPATH/index.php(87): CodeIgniter\CodeIgniter->run()
CRITICAL - 2024-03-15 18:18:54 --> syntax error, unexpected token "return"
in APPPATH/Controllers/UserDashboardWidgetController.php on line 77.
 1 SYSTEMPATH/Autoloader/Autoloader.php(285): CodeIgniter\Autoloader\Autoloader->includeFile()
 2 SYSTEMPATH/Autoloader/Autoloader.php(263): CodeIgniter\Autoloader\Autoloader->loadInNamespace()
 3 [internal function]: CodeIgniter\Autoloader\Autoloader->loadClass()
 4 SYSTEMPATH/CodeIgniter.php(877): class_exists()
 5 SYSTEMPATH/CodeIgniter.php(481): CodeIgniter\CodeIgniter->startController()
 6 SYSTEMPATH/CodeIgniter.php(353): CodeIgniter\CodeIgniter->handleRequest()
 7 FCPATH/index.php(87): CodeIgniter\CodeIgniter->run()
CRITICAL - 2024-03-15 18:18:56 --> syntax error, unexpected token "return"
in APPPATH/Controllers/UserDashboardWidgetController.php on line 77.
 1 SYSTEMPATH/Autoloader/Autoloader.php(285): CodeIgniter\Autoloader\Autoloader->includeFile()
 2 SYSTEMPATH/Autoloader/Autoloader.php(263): CodeIgniter\Autoloader\Autoloader->loadInNamespace()
 3 [internal function]: CodeIgniter\Autoloader\Autoloader->loadClass()
 4 SYSTEMPATH/CodeIgniter.php(877): class_exists()
 5 SYSTEMPATH/CodeIgniter.php(481): CodeIgniter\CodeIgniter->startController()
 6 SYSTEMPATH/CodeIgniter.php(353): CodeIgniter\CodeIgniter->handleRequest()
 7 FCPATH/index.php(87): CodeIgniter\CodeIgniter->run()
CRITICAL - 2024-03-15 18:19:00 --> syntax error, unexpected token "return"
in APPPATH/Controllers/UserDashboardWidgetController.php on line 77.
 1 SYSTEMPATH/Autoloader/Autoloader.php(285): CodeIgniter\Autoloader\Autoloader->includeFile()
 2 SYSTEMPATH/Autoloader/Autoloader.php(263): CodeIgniter\Autoloader\Autoloader->loadInNamespace()
 3 [internal function]: CodeIgniter\Autoloader\Autoloader->loadClass()
 4 SYSTEMPATH/CodeIgniter.php(877): class_exists()
 5 SYSTEMPATH/CodeIgniter.php(481): CodeIgniter\CodeIgniter->startController()
 6 SYSTEMPATH/CodeIgniter.php(353): CodeIgniter\CodeIgniter->handleRequest()
 7 FCPATH/index.php(87): CodeIgniter\CodeIgniter->run()
CRITICAL - 2024-03-15 18:20:29 --> Undefined property: CodeIgniter\HTTP\IncomingRequest::$auth_user
in APPPATH/Controllers/UserDashboardWidgetController.php on line 18.
 1 APPPATH/Controllers/UserDashboardWidgetController.php(18): CodeIgniter\Debug\Exceptions->errorHandler()
 2 SYSTEMPATH/CodeIgniter.php(919): App\Controllers\UserDashboardWidgetController->summary()
 3 SYSTEMPATH/CodeIgniter.php(494): CodeIgniter\CodeIgniter->runController()
 4 SYSTEMPATH/CodeIgniter.php(353): CodeIgniter\CodeIgniter->handleRequest()
 5 FCPATH/index.php(87): CodeIgniter\CodeIgniter->run()
CRITICAL - 2024-03-15 18:20:31 --> Undefined property: CodeIgniter\HTTP\IncomingRequest::$auth_user
in APPPATH/Controllers/UserDashboardWidgetController.php on line 18.
 1 APPPATH/Controllers/UserDashboardWidgetController.php(18): CodeIgniter\Debug\Exceptions->errorHandler()
 2 SYSTEMPATH/CodeIgniter.php(919): App\Controllers\UserDashboardWidgetController->summary()
 3 SYSTEMPATH/CodeIgniter.php(494): CodeIgniter\CodeIgniter->runController()
 4 SYSTEMPATH/CodeIgniter.php(353): CodeIgniter\CodeIgniter->handleRequest()
 5 FCPATH/index.php(87): CodeIgniter\CodeIgniter->run()
CRITICAL - 2024-03-15 18:20:33 --> Undefined property: CodeIgniter\HTTP\IncomingRequest::$auth_user
in APPPATH/Controllers/UserDashboardWidgetController.php on line 18.
 1 APPPATH/Controllers/UserDashboardWidgetController.php(18): CodeIgniter\Debug\Exceptions->errorHandler()
 2 SYSTEMPATH/CodeIgniter.php(919): App\Controllers\UserDashboardWidgetController->summary()
 3 SYSTEMPATH/CodeIgniter.php(494): CodeIgniter\CodeIgniter->runController()
 4 SYSTEMPATH/CodeIgniter.php(353): CodeIgniter\CodeIgniter->handleRequest()
 5 FCPATH/index.php(87): CodeIgniter\CodeIgniter->run()
CRITICAL - 2024-03-15 18:20:37 --> Undefined property: CodeIgniter\HTTP\IncomingRequest::$auth_user
in APPPATH/Controllers/UserDashboardWidgetController.php on line 18.
 1 APPPATH/Controllers/UserDashboardWidgetController.php(18): CodeIgniter\Debug\Exceptions->errorHandler()
 2 SYSTEMPATH/CodeIgniter.php(919): App\Controllers\UserDashboardWidgetController->summary()
 3 SYSTEMPATH/CodeIgniter.php(494): CodeIgniter\CodeIgniter->runController()
 4 SYSTEMPATH/CodeIgniter.php(353): CodeIgniter\CodeIgniter->handleRequest()
 5 FCPATH/index.php(87): CodeIgniter\CodeIgniter->run()
CRITICAL - 2024-03-15 18:21:04 --> Undefined property: CodeIgniter\HTTP\IncomingRequest::$auth_user
in APPPATH/Controllers/UserDashboardWidgetController.php on line 18.
 1 APPPATH/Controllers/UserDashboardWidgetController.php(18): CodeIgniter\Debug\Exceptions->errorHandler()
 2 SYSTEMPATH/CodeIgniter.php(919): App\Controllers\UserDashboardWidgetController->summary()
 3 SYSTEMPATH/CodeIgniter.php(494): CodeIgniter\CodeIgniter->runController()
 4 SYSTEMPATH/CodeIgniter.php(353): CodeIgniter\CodeIgniter->handleRequest()
 5 FCPATH/index.php(87): CodeIgniter\CodeIgniter->run()
CRITICAL - 2024-03-15 18:21:05 --> Undefined property: CodeIgniter\HTTP\IncomingRequest::$auth_user
in APPPATH/Controllers/UserDashboardWidgetController.php on line 18.
 1 APPPATH/Controllers/UserDashboardWidgetController.php(18): CodeIgniter\Debug\Exceptions->errorHandler()
 2 SYSTEMPATH/CodeIgniter.php(919): App\Controllers\UserDashboardWidgetController->summary()
 3 SYSTEMPATH/CodeIgniter.php(494): CodeIgniter\CodeIgniter->runController()
 4 SYSTEMPATH/CodeIgniter.php(353): CodeIgniter\CodeIgniter->handleRequest()
 5 FCPATH/index.php(87): CodeIgniter\CodeIgniter->run()
CRITICAL - 2024-03-15 18:21:07 --> Undefined property: CodeIgniter\HTTP\IncomingRequest::$auth_user
in APPPATH/Controllers/UserDashboardWidgetController.php on line 18.
 1 APPPATH/Controllers/UserDashboardWidgetController.php(18): CodeIgniter\Debug\Exceptions->errorHandler()
 2 SYSTEMPATH/CodeIgniter.php(919): App\Controllers\UserDashboardWidgetController->summary()
 3 SYSTEMPATH/CodeIgniter.php(494): CodeIgniter\CodeIgniter->runController()
 4 SYSTEMPATH/CodeIgniter.php(353): CodeIgniter\CodeIgniter->handleRequest()
 5 FCPATH/index.php(87): CodeIgniter\CodeIgniter->run()
CRITICAL - 2024-03-15 18:21:11 --> Undefined property: CodeIgniter\HTTP\IncomingRequest::$auth_user
in APPPATH/Controllers/UserDashboardWidgetController.php on line 18.
 1 APPPATH/Controllers/UserDashboardWidgetController.php(18): CodeIgniter\Debug\Exceptions->errorHandler()
 2 SYSTEMPATH/CodeIgniter.php(919): App\Controllers\UserDashboardWidgetController->summary()
 3 SYSTEMPATH/CodeIgniter.php(494): CodeIgniter\CodeIgniter->runController()
 4 SYSTEMPATH/CodeIgniter.php(353): CodeIgniter\CodeIgniter->handleRequest()
 5 FCPATH/index.php(87): CodeIgniter\CodeIgniter->run()
CRITICAL - 2024-03-15 18:25:09 --> Undefined variable $request
in APPPATH/Controllers/UserDashboardWidgetController.php on line 19.
 1 APPPATH/Controllers/UserDashboardWidgetController.php(19): CodeIgniter\Debug\Exceptions->errorHandler()
 2 SYSTEMPATH/CodeIgniter.php(919): App\Controllers\UserDashboardWidgetController->summary()
 3 SYSTEMPATH/CodeIgniter.php(494): CodeIgniter\CodeIgniter->runController()
 4 SYSTEMPATH/CodeIgniter.php(353): CodeIgniter\CodeIgniter->handleRequest()
 5 FCPATH/index.php(87): CodeIgniter\CodeIgniter->run()
CRITICAL - 2024-03-15 18:25:10 --> Undefined variable $request
in APPPATH/Controllers/UserDashboardWidgetController.php on line 19.
 1 APPPATH/Controllers/UserDashboardWidgetController.php(19): CodeIgniter\Debug\Exceptions->errorHandler()
 2 SYSTEMPATH/CodeIgniter.php(919): App\Controllers\UserDashboardWidgetController->summary()
 3 SYSTEMPATH/CodeIgniter.php(494): CodeIgniter\CodeIgniter->runController()
 4 SYSTEMPATH/CodeIgniter.php(353): CodeIgniter\CodeIgniter->handleRequest()
 5 FCPATH/index.php(87): CodeIgniter\CodeIgniter->run()
CRITICAL - 2024-03-15 18:25:12 --> Undefined variable $request
in APPPATH/Controllers/UserDashboardWidgetController.php on line 19.
 1 APPPATH/Controllers/UserDashboardWidgetController.php(19): CodeIgniter\Debug\Exceptions->errorHandler()
 2 SYSTEMPATH/CodeIgniter.php(919): App\Controllers\UserDashboardWidgetController->summary()
 3 SYSTEMPATH/CodeIgniter.php(494): CodeIgniter\CodeIgniter->runController()
 4 SYSTEMPATH/CodeIgniter.php(353): CodeIgniter\CodeIgniter->handleRequest()
 5 FCPATH/index.php(87): CodeIgniter\CodeIgniter->run()
CRITICAL - 2024-03-15 18:25:16 --> Undefined variable $request
in APPPATH/Controllers/UserDashboardWidgetController.php on line 19.
 1 APPPATH/Controllers/UserDashboardWidgetController.php(19): CodeIgniter\Debug\Exceptions->errorHandler()
 2 SYSTEMPATH/CodeIgniter.php(919): App\Controllers\UserDashboardWidgetController->summary()
 3 SYSTEMPATH/CodeIgniter.php(494): CodeIgniter\CodeIgniter->runController()
 4 SYSTEMPATH/CodeIgniter.php(353): CodeIgniter\CodeIgniter->handleRequest()
 5 FCPATH/index.php(87): CodeIgniter\CodeIgniter->run()
